[INFO ] 2017-10-15 13:07:11.602 [main] TestGroupRecords - Seeding Database
[INFO ] 2017-10-15 13:07:11.937 [main] TestGroupRecords - Seeding Database
[INFO ] 2017-10-15 13:07:12.077 [main] TestGroupRecords - Seeding Database
[INFO ] 2017-10-15 13:07:12.195 [main] TestGroupRecords - Seeding Database
[INFO ] 2017-10-15 13:07:12.324 [main] TestGroupRecords - Seeding Database
[INFO ] 2017-10-15 13:07:12.475 [main] TestGroupRecords - Seeding Database
[INFO ] 2017-10-15 13:07:12.663 [main] TestGroupRecords - Seeding Database
[INFO ] 2017-10-15 13:07:12.873 [main] TestGroupRecords - Seeding Database
[INFO ] 2017-10-15 13:07:13.041 [main] TestGroupRecords - Seeding Database
[INFO ] 2017-10-15 13:07:13.164 [main] TestGroupRecords - Seeding Database
[INFO ] 2017-10-15 13:07:13.304 [main] TestGroupRecords - Seeding Database
[INFO ] 2017-10-15 13:07:13.415 [main] TestGroupRecords - Seeding Database
[DEBUG] 2017-10-15 13:07:13.520 [Time-limited test] AppointmentDAOImpl - New record ID is 51
[INFO ] 2017-10-15 13:07:13.525 [main] TestGroupRecords - Seeding Database
[INFO ] 2017-10-15 13:07:13.633 [main] TestGroupRecords - Seeding Database
[INFO ] 2017-10-15 13:07:13.795 [main] TestGroupRecords - @AfterClass seeding
[INFO ] 2017-10-15 13:07:13.796 [main] TestGroupRecords - Seeding Database
[INFO ] 2017-10-15 13:07:13.939 [main] TestGroupRecords - Seeding Database
[INFO ] 2017-10-15 13:07:14.069 [main] TestGroupRecords - Seeding Database
[INFO ] 2017-10-15 13:07:14.177 [main] TestGroupRecords - Seeding Database
[INFO ] 2017-10-15 13:07:14.290 [main] TestGroupRecords - Seeding Database
[INFO ] 2017-10-15 13:07:14.406 [main] TestGroupRecords - Seeding Database
[INFO ] 2017-10-15 13:07:14.506 [main] TestGroupRecords - Seeding Database
[DEBUG] 2017-10-15 13:07:14.613 [Time-limited test] GroupRecordDAOImpl - New record ID is 6
[INFO ] 2017-10-15 13:07:14.619 [main] TestGroupRecords - Seeding Database
[INFO ] 2017-10-15 13:07:14.745 [main] TestGroupRecords - Seeding Database
[INFO ] 2017-10-15 13:07:14.921 [main] TestGroupRecords - @AfterClass seeding
[INFO ] 2017-10-15 13:07:14.921 [main] TestGroupRecords - Seeding Database
[INFO ] 2017-10-15 13:07:15.033 [main] TestGroupRecords - Seeding Database
[DEBUG] 2017-10-15 13:07:15.189 [main] AppointmentDAOImpl - New record ID is 51
[DEBUG] 2017-10-15 13:07:15.195 [main] AppointmentDAOImpl - New record ID is 52
[DEBUG] 2017-10-15 13:07:15.201 [main] AppointmentDAOImpl - New record ID is 53
[INFO ] 2017-10-15 13:07:32.257 [main] TestGroupRecords - @AfterClass seeding
[INFO ] 2017-10-15 13:07:32.257 [main] TestGroupRecords - Seeding Database
[INFO ] 2017-10-15 13:07:32.367 [main] TestGroupRecords - Seeding Database
[INFO ] 2017-10-15 13:07:32.480 [main] TestGroupRecords - Seeding Database
[INFO ] 2017-10-15 13:07:32.618 [main] TestGroupRecords - Seeding Database
[INFO ] 2017-10-15 13:07:32.721 [main] TestGroupRecords - Seeding Database
[INFO ] 2017-10-15 13:07:32.823 [main] TestGroupRecords - Seeding Database
[DEBUG] 2017-10-15 13:07:32.926 [Time-limited test] SMTPSettingsDAOImpl - New record ID is 3
[INFO ] 2017-10-15 13:07:32.932 [main] TestGroupRecords - Seeding Database
[INFO ] 2017-10-15 13:07:33.053 [main] TestGroupRecords - Seeding Database
[INFO ] 2017-10-15 13:07:33.155 [main] TestGroupRecords - Seeding Database
[INFO ] 2017-10-15 13:07:33.263 [main] TestGroupRecords - @AfterClass seeding
[INFO ] 2017-10-15 13:07:33.263 [main] TestGroupRecords - Seeding Database
[INFO ] 2017-10-15 13:08:11.469 [main] TestGroupRecords - Seeding Database
[INFO ] 2017-10-15 13:08:11.827 [main] TestGroupRecords - Seeding Database
[INFO ] 2017-10-15 13:08:11.940 [main] TestGroupRecords - Seeding Database
[INFO ] 2017-10-15 13:08:12.082 [main] TestGroupRecords - Seeding Database
[INFO ] 2017-10-15 13:08:12.191 [main] TestGroupRecords - Seeding Database
[DEBUG] 2017-10-15 13:08:12.299 [Time-limited test] SMTPSettingsDAOImpl - New record ID is 3
[INFO ] 2017-10-15 13:08:12.305 [main] TestGroupRecords - Seeding Database
[INFO ] 2017-10-15 13:08:12.423 [main] TestGroupRecords - Seeding Database
[INFO ] 2017-10-15 13:08:12.527 [main] TestGroupRecords - Seeding Database
[INFO ] 2017-10-15 13:08:12.649 [main] TestGroupRecords - @AfterClass seeding
[INFO ] 2017-10-15 13:08:12.649 [main] TestGroupRecords - Seeding Database
[ERROR] 2017-10-15 13:31:04.878 [JavaFX Application Thread] MainApp - Error creating the dialog
javafx.fxml.LoadException: No resources specified.
/C:/Users/Marc-Daniel/Desktop/javaProject/JAM_1539756_1/target/classes/fxml/MonthView.fxml:14

	at javafx.fxml.FXMLLoader.constructLoadException(FXMLLoader.java:2597) ~[jfxrt.jar:?]
	at javafx.fxml.FXMLLoader.access$100(FXMLLoader.java:103) ~[jfxrt.jar:?]
	at javafx.fxml.FXMLLoader$Element.resolvePrefixedValue(FXMLLoader.java:421) ~[jfxrt.jar:?]
	at javafx.fxml.FXMLLoader$Element.processValue(FXMLLoader.java:363) ~[jfxrt.jar:?]
	at javafx.fxml.FXMLLoader$Element.processPropertyAttribute(FXMLLoader.java:325) ~[jfxrt.jar:?]
	at javafx.fxml.FXMLLoader$Element.processInstancePropertyAttributes(FXMLLoader.java:235) ~[jfxrt.jar:?]
	at javafx.fxml.FXMLLoader$ValueElement.processEndElement(FXMLLoader.java:767) ~[jfxrt.jar:?]
	at javafx.fxml.FXMLLoader.processEndElement(FXMLLoader.java:2823) ~[jfxrt.jar:?]
	at javafx.fxml.FXMLLoader.loadImpl(FXMLLoader.java:2532) ~[jfxrt.jar:?]
	at javafx.fxml.FXMLLoader.loadImpl(FXMLLoader.java:2441) ~[jfxrt.jar:?]
	at javafx.fxml.FXMLLoader.load(FXMLLoader.java:2409) ~[jfxrt.jar:?]
	at com.marcdanieldialogo.jam_jdbc.MainApp.initRootLayout(MainApp.java:55) ~[classes/:?]
	at com.marcdanieldialogo.jam_jdbc.MainApp.start(MainApp.java:36) ~[classes/:?]
	at com.sun.javafx.application.LauncherImpl.lambda$launchApplication1$162(LauncherImpl.java:863) ~[jfxrt.jar:?]
	at com.sun.javafx.application.PlatformImpl.lambda$runAndWait$175(PlatformImpl.java:326) ~[jfxrt.jar:?]
	at com.sun.javafx.application.PlatformImpl.lambda$null$173(PlatformImpl.java:295) ~[jfxrt.jar:?]
	at java.security.AccessController.doPrivileged(Native Method) ~[?:1.8.0_144]
	at com.sun.javafx.application.PlatformImpl.lambda$runLater$174(PlatformImpl.java:294) ~[jfxrt.jar:?]
	at com.sun.glass.ui.InvokeLaterDispatcher$Future.run(InvokeLaterDispatcher.java:95) ~[jfxrt.jar:?]
	at com.sun.glass.ui.win.WinApplication._runLoop(Native Method) ~[jfxrt.jar:?]
	at com.sun.glass.ui.win.WinApplication.lambda$null$148(WinApplication.java:191) ~[jfxrt.jar:?]
	at java.lang.Thread.run(Thread.java:748) [?:1.8.0_144]
[ERROR] 2017-10-15 13:34:30.056 [JavaFX Application Thread] MainApp - Error creating the dialog
javafx.fxml.LoadException: No resources specified.
/C:/Users/Marc-Daniel/Desktop/javaProject/JAM_1539756_1/target/classes/fxml/MonthView.fxml:14

	at javafx.fxml.FXMLLoader.constructLoadException(FXMLLoader.java:2597) ~[jfxrt.jar:?]
	at javafx.fxml.FXMLLoader.access$100(FXMLLoader.java:103) ~[jfxrt.jar:?]
	at javafx.fxml.FXMLLoader$Element.resolvePrefixedValue(FXMLLoader.java:421) ~[jfxrt.jar:?]
	at javafx.fxml.FXMLLoader$Element.processValue(FXMLLoader.java:363) ~[jfxrt.jar:?]
	at javafx.fxml.FXMLLoader$Element.processPropertyAttribute(FXMLLoader.java:325) ~[jfxrt.jar:?]
	at javafx.fxml.FXMLLoader$Element.processInstancePropertyAttributes(FXMLLoader.java:235) ~[jfxrt.jar:?]
	at javafx.fxml.FXMLLoader$ValueElement.processEndElement(FXMLLoader.java:767) ~[jfxrt.jar:?]
	at javafx.fxml.FXMLLoader.processEndElement(FXMLLoader.java:2823) ~[jfxrt.jar:?]
	at javafx.fxml.FXMLLoader.loadImpl(FXMLLoader.java:2532) ~[jfxrt.jar:?]
	at javafx.fxml.FXMLLoader.loadImpl(FXMLLoader.java:2441) ~[jfxrt.jar:?]
	at javafx.fxml.FXMLLoader.load(FXMLLoader.java:2409) ~[jfxrt.jar:?]
	at com.marcdanieldialogo.jam_jdbc.MainApp.initRootLayout(MainApp.java:55) ~[classes/:?]
	at com.marcdanieldialogo.jam_jdbc.MainApp.start(MainApp.java:36) ~[classes/:?]
	at com.sun.javafx.application.LauncherImpl.lambda$launchApplication1$162(LauncherImpl.java:863) ~[jfxrt.jar:?]
	at com.sun.javafx.application.PlatformImpl.lambda$runAndWait$175(PlatformImpl.java:326) ~[jfxrt.jar:?]
	at com.sun.javafx.application.PlatformImpl.lambda$null$173(PlatformImpl.java:295) ~[jfxrt.jar:?]
	at java.security.AccessController.doPrivileged(Native Method) ~[?:1.8.0_144]
	at com.sun.javafx.application.PlatformImpl.lambda$runLater$174(PlatformImpl.java:294) ~[jfxrt.jar:?]
	at com.sun.glass.ui.InvokeLaterDispatcher$Future.run(InvokeLaterDispatcher.java:95) ~[jfxrt.jar:?]
	at com.sun.glass.ui.win.WinApplication._runLoop(Native Method) ~[jfxrt.jar:?]
	at com.sun.glass.ui.win.WinApplication.lambda$null$148(WinApplication.java:191) ~[jfxrt.jar:?]
	at java.lang.Thread.run(Thread.java:748) [?:1.8.0_144]
[INFO ] 2017-10-15 13:34:46.939 [main] TestGroupRecords - Seeding Database
[INFO ] 2017-10-15 13:34:47.286 [main] TestGroupRecords - Seeding Database
[INFO ] 2017-10-15 13:34:47.421 [main] TestGroupRecords - Seeding Database
[INFO ] 2017-10-15 13:34:47.546 [main] TestGroupRecords - Seeding Database
[INFO ] 2017-10-15 13:34:47.653 [main] TestGroupRecords - Seeding Database
[INFO ] 2017-10-15 13:34:47.767 [main] TestGroupRecords - Seeding Database
[INFO ] 2017-10-15 13:34:47.929 [main] TestGroupRecords - Seeding Database
[INFO ] 2017-10-15 13:34:48.062 [main] TestGroupRecords - Seeding Database
[INFO ] 2017-10-15 13:34:48.191 [main] TestGroupRecords - Seeding Database
[INFO ] 2017-10-15 13:34:48.322 [main] TestGroupRecords - Seeding Database
[INFO ] 2017-10-15 13:34:48.479 [main] TestGroupRecords - Seeding Database
[INFO ] 2017-10-15 13:34:48.607 [main] TestGroupRecords - Seeding Database
[DEBUG] 2017-10-15 13:34:48.705 [Time-limited test] AppointmentDAOImpl - New record ID is 51
[INFO ] 2017-10-15 13:34:48.710 [main] TestGroupRecords - Seeding Database
[INFO ] 2017-10-15 13:34:48.804 [main] TestGroupRecords - Seeding Database
[INFO ] 2017-10-15 13:34:48.962 [main] TestGroupRecords - @AfterClass seeding
[INFO ] 2017-10-15 13:34:48.963 [main] TestGroupRecords - Seeding Database
[INFO ] 2017-10-15 13:34:49.103 [main] TestGroupRecords - Seeding Database
[INFO ] 2017-10-15 13:34:49.270 [main] TestGroupRecords - Seeding Database
[INFO ] 2017-10-15 13:34:49.409 [main] TestGroupRecords - Seeding Database
[INFO ] 2017-10-15 13:34:49.513 [main] TestGroupRecords - Seeding Database
[INFO ] 2017-10-15 13:34:49.622 [main] TestGroupRecords - Seeding Database
[INFO ] 2017-10-15 13:34:49.728 [main] TestGroupRecords - Seeding Database
[DEBUG] 2017-10-15 13:34:49.834 [Time-limited test] GroupRecordDAOImpl - New record ID is 6
[INFO ] 2017-10-15 13:34:49.839 [main] TestGroupRecords - Seeding Database
[INFO ] 2017-10-15 13:34:49.994 [main] TestGroupRecords - Seeding Database
[INFO ] 2017-10-15 13:34:50.150 [main] TestGroupRecords - @AfterClass seeding
[INFO ] 2017-10-15 13:34:50.150 [main] TestGroupRecords - Seeding Database
[INFO ] 2017-10-15 13:34:50.257 [main] TestGroupRecords - Seeding Database
[DEBUG] 2017-10-15 13:34:50.395 [main] AppointmentDAOImpl - New record ID is 51
[DEBUG] 2017-10-15 13:34:50.401 [main] AppointmentDAOImpl - New record ID is 52
[DEBUG] 2017-10-15 13:34:50.407 [main] AppointmentDAOImpl - New record ID is 53
[INFO ] 2017-10-15 13:35:07.539 [main] TestGroupRecords - @AfterClass seeding
[INFO ] 2017-10-15 13:35:07.539 [main] TestGroupRecords - Seeding Database
[INFO ] 2017-10-15 13:35:07.643 [main] TestGroupRecords - Seeding Database
[INFO ] 2017-10-15 13:35:07.748 [main] TestGroupRecords - Seeding Database
[INFO ] 2017-10-15 13:35:07.849 [main] TestGroupRecords - Seeding Database
[INFO ] 2017-10-15 13:35:07.949 [main] TestGroupRecords - Seeding Database
[INFO ] 2017-10-15 13:35:08.103 [main] TestGroupRecords - Seeding Database
[DEBUG] 2017-10-15 13:35:08.210 [Time-limited test] SMTPSettingsDAOImpl - New record ID is 3
[INFO ] 2017-10-15 13:35:08.214 [main] TestGroupRecords - Seeding Database
[INFO ] 2017-10-15 13:35:08.324 [main] TestGroupRecords - Seeding Database
[INFO ] 2017-10-15 13:35:08.435 [main] TestGroupRecords - Seeding Database
[INFO ] 2017-10-15 13:35:08.554 [main] TestGroupRecords - @AfterClass seeding
[INFO ] 2017-10-15 13:35:08.554 [main] TestGroupRecords - Seeding Database
[ERROR] 2017-10-15 13:35:15.764 [JavaFX Application Thread] MainApp - Error creating the dialog
javafx.fxml.LoadException: No resources specified.
/C:/Users/Marc-Daniel/Desktop/javaProject/JAM_1539756_1/target/classes/fxml/MonthView.fxml:14

	at javafx.fxml.FXMLLoader.constructLoadException(FXMLLoader.java:2597) ~[jfxrt.jar:?]
	at javafx.fxml.FXMLLoader.access$100(FXMLLoader.java:103) ~[jfxrt.jar:?]
	at javafx.fxml.FXMLLoader$Element.resolvePrefixedValue(FXMLLoader.java:421) ~[jfxrt.jar:?]
	at javafx.fxml.FXMLLoader$Element.processValue(FXMLLoader.java:363) ~[jfxrt.jar:?]
	at javafx.fxml.FXMLLoader$Element.processPropertyAttribute(FXMLLoader.java:325) ~[jfxrt.jar:?]
	at javafx.fxml.FXMLLoader$Element.processInstancePropertyAttributes(FXMLLoader.java:235) ~[jfxrt.jar:?]
	at javafx.fxml.FXMLLoader$ValueElement.processEndElement(FXMLLoader.java:767) ~[jfxrt.jar:?]
	at javafx.fxml.FXMLLoader.processEndElement(FXMLLoader.java:2823) ~[jfxrt.jar:?]
	at javafx.fxml.FXMLLoader.loadImpl(FXMLLoader.java:2532) ~[jfxrt.jar:?]
	at javafx.fxml.FXMLLoader.loadImpl(FXMLLoader.java:2441) ~[jfxrt.jar:?]
	at javafx.fxml.FXMLLoader.load(FXMLLoader.java:2409) ~[jfxrt.jar:?]
	at com.marcdanieldialogo.jam_jdbc.MainApp.initRootLayout(MainApp.java:55) ~[classes/:?]
	at com.marcdanieldialogo.jam_jdbc.MainApp.start(MainApp.java:36) ~[classes/:?]
	at com.sun.javafx.application.LauncherImpl.lambda$launchApplication1$162(LauncherImpl.java:863) ~[jfxrt.jar:?]
	at com.sun.javafx.application.PlatformImpl.lambda$runAndWait$175(PlatformImpl.java:326) ~[jfxrt.jar:?]
	at com.sun.javafx.application.PlatformImpl.lambda$null$173(PlatformImpl.java:295) ~[jfxrt.jar:?]
	at java.security.AccessController.doPrivileged(Native Method) ~[?:1.8.0_144]
	at com.sun.javafx.application.PlatformImpl.lambda$runLater$174(PlatformImpl.java:294) ~[jfxrt.jar:?]
	at com.sun.glass.ui.InvokeLaterDispatcher$Future.run(InvokeLaterDispatcher.java:95) ~[jfxrt.jar:?]
	at com.sun.glass.ui.win.WinApplication._runLoop(Native Method) ~[jfxrt.jar:?]
	at com.sun.glass.ui.win.WinApplication.lambda$null$148(WinApplication.java:191) ~[jfxrt.jar:?]
	at java.lang.Thread.run(Thread.java:748) [?:1.8.0_144]
[ERROR] 2017-10-15 13:36:42.708 [JavaFX Application Thread] MainApp - Error creating the dialog
javafx.fxml.LoadException: No resources specified.
/C:/Users/Marc-Daniel/Desktop/javaProject/JAM_1539756_1/target/classes/fxml/MonthView.fxml:14

	at javafx.fxml.FXMLLoader.constructLoadException(FXMLLoader.java:2597) ~[jfxrt.jar:?]
	at javafx.fxml.FXMLLoader.access$100(FXMLLoader.java:103) ~[jfxrt.jar:?]
	at javafx.fxml.FXMLLoader$Element.resolvePrefixedValue(FXMLLoader.java:421) ~[jfxrt.jar:?]
	at javafx.fxml.FXMLLoader$Element.processValue(FXMLLoader.java:363) ~[jfxrt.jar:?]
	at javafx.fxml.FXMLLoader$Element.processPropertyAttribute(FXMLLoader.java:325) ~[jfxrt.jar:?]
	at javafx.fxml.FXMLLoader$Element.processInstancePropertyAttributes(FXMLLoader.java:235) ~[jfxrt.jar:?]
	at javafx.fxml.FXMLLoader$ValueElement.processEndElement(FXMLLoader.java:767) ~[jfxrt.jar:?]
	at javafx.fxml.FXMLLoader.processEndElement(FXMLLoader.java:2823) ~[jfxrt.jar:?]
	at javafx.fxml.FXMLLoader.loadImpl(FXMLLoader.java:2532) ~[jfxrt.jar:?]
	at javafx.fxml.FXMLLoader.loadImpl(FXMLLoader.java:2441) ~[jfxrt.jar:?]
	at javafx.fxml.FXMLLoader.load(FXMLLoader.java:2409) ~[jfxrt.jar:?]
	at com.marcdanieldialogo.jam_jdbc.MainApp.initRootLayout(MainApp.java:56) ~[classes/:?]
	at com.marcdanieldialogo.jam_jdbc.MainApp.start(MainApp.java:37) ~[classes/:?]
	at com.sun.javafx.application.LauncherImpl.lambda$launchApplication1$162(LauncherImpl.java:863) ~[jfxrt.jar:?]
	at com.sun.javafx.application.PlatformImpl.lambda$runAndWait$175(PlatformImpl.java:326) ~[jfxrt.jar:?]
	at com.sun.javafx.application.PlatformImpl.lambda$null$173(PlatformImpl.java:295) ~[jfxrt.jar:?]
	at java.security.AccessController.doPrivileged(Native Method) ~[?:1.8.0_144]
	at com.sun.javafx.application.PlatformImpl.lambda$runLater$174(PlatformImpl.java:294) ~[jfxrt.jar:?]
	at com.sun.glass.ui.InvokeLaterDispatcher$Future.run(InvokeLaterDispatcher.java:95) ~[jfxrt.jar:?]
	at com.sun.glass.ui.win.WinApplication._runLoop(Native Method) ~[jfxrt.jar:?]
	at com.sun.glass.ui.win.WinApplication.lambda$null$148(WinApplication.java:191) ~[jfxrt.jar:?]
	at java.lang.Thread.run(Thread.java:748) [?:1.8.0_144]
[ERROR] 2017-10-15 13:39:43.149 [JavaFX Application Thread] MainApp - Error creating the dialog
javafx.fxml.LoadException: No resources specified.
/C:/Users/Marc-Daniel/Desktop/javaProject/JAM_1539756_1/target/classes/fxml/MonthView.fxml:14

	at javafx.fxml.FXMLLoader.constructLoadException(FXMLLoader.java:2597) ~[jfxrt.jar:?]
	at javafx.fxml.FXMLLoader.access$100(FXMLLoader.java:103) ~[jfxrt.jar:?]
	at javafx.fxml.FXMLLoader$Element.resolvePrefixedValue(FXMLLoader.java:421) ~[jfxrt.jar:?]
	at javafx.fxml.FXMLLoader$Element.processValue(FXMLLoader.java:363) ~[jfxrt.jar:?]
	at javafx.fxml.FXMLLoader$Element.processPropertyAttribute(FXMLLoader.java:325) ~[jfxrt.jar:?]
	at javafx.fxml.FXMLLoader$Element.processInstancePropertyAttributes(FXMLLoader.java:235) ~[jfxrt.jar:?]
	at javafx.fxml.FXMLLoader$ValueElement.processEndElement(FXMLLoader.java:767) ~[jfxrt.jar:?]
	at javafx.fxml.FXMLLoader.processEndElement(FXMLLoader.java:2823) ~[jfxrt.jar:?]
	at javafx.fxml.FXMLLoader.loadImpl(FXMLLoader.java:2532) ~[jfxrt.jar:?]
	at javafx.fxml.FXMLLoader.loadImpl(FXMLLoader.java:2441) ~[jfxrt.jar:?]
	at javafx.fxml.FXMLLoader.load(FXMLLoader.java:2409) ~[jfxrt.jar:?]
	at com.marcdanieldialogo.jam_jdbc.MainApp.initRootLayout(MainApp.java:57) ~[classes/:?]
	at com.marcdanieldialogo.jam_jdbc.MainApp.start(MainApp.java:38) ~[classes/:?]
	at com.sun.javafx.application.LauncherImpl.lambda$launchApplication1$162(LauncherImpl.java:863) ~[jfxrt.jar:?]
	at com.sun.javafx.application.PlatformImpl.lambda$runAndWait$175(PlatformImpl.java:326) ~[jfxrt.jar:?]
	at com.sun.javafx.application.PlatformImpl.lambda$null$173(PlatformImpl.java:295) ~[jfxrt.jar:?]
	at java.security.AccessController.doPrivileged(Native Method) ~[?:1.8.0_144]
	at com.sun.javafx.application.PlatformImpl.lambda$runLater$174(PlatformImpl.java:294) ~[jfxrt.jar:?]
	at com.sun.glass.ui.InvokeLaterDispatcher$Future.run(InvokeLaterDispatcher.java:95) ~[jfxrt.jar:?]
	at com.sun.glass.ui.win.WinApplication._runLoop(Native Method) ~[jfxrt.jar:?]
	at com.sun.glass.ui.win.WinApplication.lambda$null$148(WinApplication.java:191) ~[jfxrt.jar:?]
	at java.lang.Thread.run(Thread.java:748) [?:1.8.0_144]
[INFO ] 2017-10-15 13:41:19.043 [main] TestGroupRecords - Seeding Database
[INFO ] 2017-10-15 13:41:19.394 [main] TestGroupRecords - Seeding Database
[INFO ] 2017-10-15 13:41:19.529 [main] TestGroupRecords - Seeding Database
[INFO ] 2017-10-15 13:41:19.650 [main] TestGroupRecords - Seeding Database
[INFO ] 2017-10-15 13:41:19.760 [main] TestGroupRecords - Seeding Database
[INFO ] 2017-10-15 13:41:19.878 [main] TestGroupRecords - Seeding Database
[INFO ] 2017-10-15 13:41:20.037 [main] TestGroupRecords - Seeding Database
[INFO ] 2017-10-15 13:41:20.157 [main] TestGroupRecords - Seeding Database
[INFO ] 2017-10-15 13:41:20.291 [main] TestGroupRecords - Seeding Database
[INFO ] 2017-10-15 13:41:20.410 [main] TestGroupRecords - Seeding Database
[INFO ] 2017-10-15 13:41:20.548 [main] TestGroupRecords - Seeding Database
[INFO ] 2017-10-15 13:41:20.660 [main] TestGroupRecords - Seeding Database
[DEBUG] 2017-10-15 13:41:20.766 [Time-limited test] AppointmentDAOImpl - New record ID is 51
[INFO ] 2017-10-15 13:41:20.770 [main] TestGroupRecords - Seeding Database
[INFO ] 2017-10-15 13:41:20.872 [main] TestGroupRecords - Seeding Database
[INFO ] 2017-10-15 13:41:21.058 [main] TestGroupRecords - @AfterClass seeding
[INFO ] 2017-10-15 13:41:21.058 [main] TestGroupRecords - Seeding Database
[INFO ] 2017-10-15 13:41:21.174 [main] TestGroupRecords - Seeding Database
[INFO ] 2017-10-15 13:41:21.314 [main] TestGroupRecords - Seeding Database
[INFO ] 2017-10-15 13:41:21.423 [main] TestGroupRecords - Seeding Database
[INFO ] 2017-10-15 13:41:21.531 [main] TestGroupRecords - Seeding Database
[INFO ] 2017-10-15 13:41:21.636 [main] TestGroupRecords - Seeding Database
[INFO ] 2017-10-15 13:41:21.761 [main] TestGroupRecords - Seeding Database
[DEBUG] 2017-10-15 13:41:21.864 [Time-limited test] GroupRecordDAOImpl - New record ID is 6
[INFO ] 2017-10-15 13:41:21.869 [main] TestGroupRecords - Seeding Database
[INFO ] 2017-10-15 13:41:21.971 [main] TestGroupRecords - Seeding Database
[INFO ] 2017-10-15 13:41:22.080 [main] TestGroupRecords - @AfterClass seeding
[INFO ] 2017-10-15 13:41:22.080 [main] TestGroupRecords - Seeding Database
[INFO ] 2017-10-15 13:41:22.199 [main] TestGroupRecords - Seeding Database
[DEBUG] 2017-10-15 13:41:22.342 [main] AppointmentDAOImpl - New record ID is 51
[DEBUG] 2017-10-15 13:41:22.348 [main] AppointmentDAOImpl - New record ID is 52
[DEBUG] 2017-10-15 13:41:22.354 [main] AppointmentDAOImpl - New record ID is 53
[INFO ] 2017-10-15 13:41:40.836 [main] TestGroupRecords - @AfterClass seeding
[INFO ] 2017-10-15 13:41:40.837 [main] TestGroupRecords - Seeding Database
[INFO ] 2017-10-15 13:41:40.967 [main] TestGroupRecords - Seeding Database
[INFO ] 2017-10-15 13:41:41.096 [main] TestGroupRecords - Seeding Database
[INFO ] 2017-10-15 13:41:41.199 [main] TestGroupRecords - Seeding Database
[INFO ] 2017-10-15 13:41:41.314 [main] TestGroupRecords - Seeding Database
[INFO ] 2017-10-15 13:41:41.417 [main] TestGroupRecords - Seeding Database
[DEBUG] 2017-10-15 13:41:41.517 [Time-limited test] SMTPSettingsDAOImpl - New record ID is 3
[INFO ] 2017-10-15 13:41:41.521 [main] TestGroupRecords - Seeding Database
[INFO ] 2017-10-15 13:41:41.633 [main] TestGroupRecords - Seeding Database
[INFO ] 2017-10-15 13:41:41.733 [main] TestGroupRecords - Seeding Database
[INFO ] 2017-10-15 13:41:41.873 [main] TestGroupRecords - @AfterClass seeding
[INFO ] 2017-10-15 13:41:41.873 [main] TestGroupRecords - Seeding Database
[ERROR] 2017-10-15 13:41:46.147 [JavaFX Application Thread] MainApp - Error creating the dialog
javafx.fxml.LoadException: No resources specified.
/C:/Users/Marc-Daniel/Desktop/javaProject/JAM_1539756_1/target/classes/fxml/MonthView.fxml:14

	at javafx.fxml.FXMLLoader.constructLoadException(FXMLLoader.java:2597) ~[jfxrt.jar:?]
	at javafx.fxml.FXMLLoader.access$100(FXMLLoader.java:103) ~[jfxrt.jar:?]
	at javafx.fxml.FXMLLoader$Element.resolvePrefixedValue(FXMLLoader.java:421) ~[jfxrt.jar:?]
	at javafx.fxml.FXMLLoader$Element.processValue(FXMLLoader.java:363) ~[jfxrt.jar:?]
	at javafx.fxml.FXMLLoader$Element.processPropertyAttribute(FXMLLoader.java:325) ~[jfxrt.jar:?]
	at javafx.fxml.FXMLLoader$Element.processInstancePropertyAttributes(FXMLLoader.java:235) ~[jfxrt.jar:?]
	at javafx.fxml.FXMLLoader$ValueElement.processEndElement(FXMLLoader.java:767) ~[jfxrt.jar:?]
	at javafx.fxml.FXMLLoader.processEndElement(FXMLLoader.java:2823) ~[jfxrt.jar:?]
	at javafx.fxml.FXMLLoader.loadImpl(FXMLLoader.java:2532) ~[jfxrt.jar:?]
	at javafx.fxml.FXMLLoader.loadImpl(FXMLLoader.java:2441) ~[jfxrt.jar:?]
	at javafx.fxml.FXMLLoader.load(FXMLLoader.java:2409) ~[jfxrt.jar:?]
	at com.marcdanieldialogo.jam_jdbc.MainApp.initRootLayout(MainApp.java:57) ~[classes/:?]
	at com.marcdanieldialogo.jam_jdbc.MainApp.start(MainApp.java:38) ~[classes/:?]
	at com.sun.javafx.application.LauncherImpl.lambda$launchApplication1$162(LauncherImpl.java:863) ~[jfxrt.jar:?]
	at com.sun.javafx.application.PlatformImpl.lambda$runAndWait$175(PlatformImpl.java:326) ~[jfxrt.jar:?]
	at com.sun.javafx.application.PlatformImpl.lambda$null$173(PlatformImpl.java:295) ~[jfxrt.jar:?]
	at java.security.AccessController.doPrivileged(Native Method) ~[?:1.8.0_144]
	at com.sun.javafx.application.PlatformImpl.lambda$runLater$174(PlatformImpl.java:294) ~[jfxrt.jar:?]
	at com.sun.glass.ui.InvokeLaterDispatcher$Future.run(InvokeLaterDispatcher.java:95) ~[jfxrt.jar:?]
	at com.sun.glass.ui.win.WinApplication._runLoop(Native Method) ~[jfxrt.jar:?]
	at com.sun.glass.ui.win.WinApplication.lambda$null$148(WinApplication.java:191) ~[jfxrt.jar:?]
	at java.lang.Thread.run(Thread.java:748) [?:1.8.0_144]
[ERROR] 2017-10-15 13:43:42.367 [JavaFX Application Thread] MainApp - Error creating the dialog
javafx.fxml.LoadException: No resources specified.
/C:/Users/Marc-Daniel/Desktop/javaProject/JAM_1539756_1/target/classes/fxml/MonthView.fxml:14

	at javafx.fxml.FXMLLoader.constructLoadException(FXMLLoader.java:2597) ~[jfxrt.jar:?]
	at javafx.fxml.FXMLLoader.access$100(FXMLLoader.java:103) ~[jfxrt.jar:?]
	at javafx.fxml.FXMLLoader$Element.resolvePrefixedValue(FXMLLoader.java:421) ~[jfxrt.jar:?]
	at javafx.fxml.FXMLLoader$Element.processValue(FXMLLoader.java:363) ~[jfxrt.jar:?]
	at javafx.fxml.FXMLLoader$Element.processPropertyAttribute(FXMLLoader.java:325) ~[jfxrt.jar:?]
	at javafx.fxml.FXMLLoader$Element.processInstancePropertyAttributes(FXMLLoader.java:235) ~[jfxrt.jar:?]
	at javafx.fxml.FXMLLoader$ValueElement.processEndElement(FXMLLoader.java:767) ~[jfxrt.jar:?]
	at javafx.fxml.FXMLLoader.processEndElement(FXMLLoader.java:2823) ~[jfxrt.jar:?]
	at javafx.fxml.FXMLLoader.loadImpl(FXMLLoader.java:2532) ~[jfxrt.jar:?]
	at javafx.fxml.FXMLLoader.loadImpl(FXMLLoader.java:2441) ~[jfxrt.jar:?]
	at javafx.fxml.FXMLLoader.load(FXMLLoader.java:2409) ~[jfxrt.jar:?]
	at com.marcdanieldialogo.jam_jdbc.MainApp.initRootLayout(MainApp.java:57) ~[classes/:?]
	at com.marcdanieldialogo.jam_jdbc.MainApp.start(MainApp.java:38) ~[classes/:?]
	at com.sun.javafx.application.LauncherImpl.lambda$launchApplication1$162(LauncherImpl.java:863) ~[jfxrt.jar:?]
	at com.sun.javafx.application.PlatformImpl.lambda$runAndWait$175(PlatformImpl.java:326) ~[jfxrt.jar:?]
	at com.sun.javafx.application.PlatformImpl.lambda$null$173(PlatformImpl.java:295) ~[jfxrt.jar:?]
	at java.security.AccessController.doPrivileged(Native Method) ~[?:1.8.0_144]
	at com.sun.javafx.application.PlatformImpl.lambda$runLater$174(PlatformImpl.java:294) ~[jfxrt.jar:?]
	at com.sun.glass.ui.InvokeLaterDispatcher$Future.run(InvokeLaterDispatcher.java:95) ~[jfxrt.jar:?]
	at com.sun.glass.ui.win.WinApplication._runLoop(Native Method) ~[jfxrt.jar:?]
	at com.sun.glass.ui.win.WinApplication.lambda$null$148(WinApplication.java:191) ~[jfxrt.jar:?]
	at java.lang.Thread.run(Thread.java:748) [?:1.8.0_144]
[ERROR] 2017-10-15 13:48:10.050 [JavaFX Application Thread] MainApp - Error creating the dialog
javafx.fxml.LoadException: No resources specified.
/C:/Users/Marc-Daniel/Desktop/javaProject/JAM_1539756_1/target/classes/fxml/MonthView.fxml:14

	at javafx.fxml.FXMLLoader.constructLoadException(FXMLLoader.java:2597) ~[jfxrt.jar:?]
	at javafx.fxml.FXMLLoader.access$100(FXMLLoader.java:103) ~[jfxrt.jar:?]
	at javafx.fxml.FXMLLoader$Element.resolvePrefixedValue(FXMLLoader.java:421) ~[jfxrt.jar:?]
	at javafx.fxml.FXMLLoader$Element.processValue(FXMLLoader.java:363) ~[jfxrt.jar:?]
	at javafx.fxml.FXMLLoader$Element.processPropertyAttribute(FXMLLoader.java:325) ~[jfxrt.jar:?]
	at javafx.fxml.FXMLLoader$Element.processInstancePropertyAttributes(FXMLLoader.java:235) ~[jfxrt.jar:?]
	at javafx.fxml.FXMLLoader$ValueElement.processEndElement(FXMLLoader.java:767) ~[jfxrt.jar:?]
	at javafx.fxml.FXMLLoader.processEndElement(FXMLLoader.java:2823) ~[jfxrt.jar:?]
	at javafx.fxml.FXMLLoader.loadImpl(FXMLLoader.java:2532) ~[jfxrt.jar:?]
	at javafx.fxml.FXMLLoader.loadImpl(FXMLLoader.java:2441) ~[jfxrt.jar:?]
	at javafx.fxml.FXMLLoader.load(FXMLLoader.java:2409) ~[jfxrt.jar:?]
	at com.marcdanieldialogo.jam_jdbc.MainApp.initRootLayout(MainApp.java:55) ~[classes/:?]
	at com.marcdanieldialogo.jam_jdbc.MainApp.start(MainApp.java:36) ~[classes/:?]
	at com.sun.javafx.application.LauncherImpl.lambda$launchApplication1$162(LauncherImpl.java:863) ~[jfxrt.jar:?]
	at com.sun.javafx.application.PlatformImpl.lambda$runAndWait$175(PlatformImpl.java:326) ~[jfxrt.jar:?]
	at com.sun.javafx.application.PlatformImpl.lambda$null$173(PlatformImpl.java:295) ~[jfxrt.jar:?]
	at java.security.AccessController.doPrivileged(Native Method) ~[?:1.8.0_144]
	at com.sun.javafx.application.PlatformImpl.lambda$runLater$174(PlatformImpl.java:294) ~[jfxrt.jar:?]
	at com.sun.glass.ui.InvokeLaterDispatcher$Future.run(InvokeLaterDispatcher.java:95) ~[jfxrt.jar:?]
	at com.sun.glass.ui.win.WinApplication._runLoop(Native Method) ~[jfxrt.jar:?]
	at com.sun.glass.ui.win.WinApplication.lambda$null$148(WinApplication.java:191) ~[jfxrt.jar:?]
	at java.lang.Thread.run(Thread.java:748) [?:1.8.0_144]
[ERROR] 2017-10-15 15:18:49.481 [JavaFX Application Thread] MainApp - Error
javafx.fxml.LoadException: No resources specified.
/C:/Users/Marc-Daniel/Desktop/javaProject/JAM_1539756_1/target/classes/fxml/DayView.fxml:13

	at javafx.fxml.FXMLLoader.constructLoadException(FXMLLoader.java:2597) ~[jfxrt.jar:?]
	at javafx.fxml.FXMLLoader.access$100(FXMLLoader.java:103) ~[jfxrt.jar:?]
	at javafx.fxml.FXMLLoader$Element.resolvePrefixedValue(FXMLLoader.java:421) ~[jfxrt.jar:?]
	at javafx.fxml.FXMLLoader$Element.processValue(FXMLLoader.java:363) ~[jfxrt.jar:?]
	at javafx.fxml.FXMLLoader$Element.processPropertyAttribute(FXMLLoader.java:325) ~[jfxrt.jar:?]
	at javafx.fxml.FXMLLoader$Element.processInstancePropertyAttributes(FXMLLoader.java:235) ~[jfxrt.jar:?]
	at javafx.fxml.FXMLLoader$ValueElement.processEndElement(FXMLLoader.java:767) ~[jfxrt.jar:?]
	at javafx.fxml.FXMLLoader.processEndElement(FXMLLoader.java:2823) ~[jfxrt.jar:?]
	at javafx.fxml.FXMLLoader.loadImpl(FXMLLoader.java:2532) ~[jfxrt.jar:?]
	at javafx.fxml.FXMLLoader.loadImpl(FXMLLoader.java:2441) ~[jfxrt.jar:?]
	at javafx.fxml.FXMLLoader.load(FXMLLoader.java:2409) ~[jfxrt.jar:?]
	at com.marcdanieldialogo.jam_jdbc.MainApp.initRootLayout(MainApp.java:60) ~[classes/:?]
	at com.marcdanieldialogo.jam_jdbc.MainApp.start(MainApp.java:38) ~[classes/:?]
	at com.sun.javafx.application.LauncherImpl.lambda$launchApplication1$162(LauncherImpl.java:863) ~[jfxrt.jar:?]
	at com.sun.javafx.application.PlatformImpl.lambda$runAndWait$175(PlatformImpl.java:326) ~[jfxrt.jar:?]
	at com.sun.javafx.application.PlatformImpl.lambda$null$173(PlatformImpl.java:295) ~[jfxrt.jar:?]
	at java.security.AccessController.doPrivileged(Native Method) ~[?:1.8.0_144]
	at com.sun.javafx.application.PlatformImpl.lambda$runLater$174(PlatformImpl.java:294) ~[jfxrt.jar:?]
	at com.sun.glass.ui.InvokeLaterDispatcher$Future.run(InvokeLaterDispatcher.java:95) ~[jfxrt.jar:?]
	at com.sun.glass.ui.win.WinApplication._runLoop(Native Method) ~[jfxrt.jar:?]
	at com.sun.glass.ui.win.WinApplication.lambda$null$148(WinApplication.java:191) ~[jfxrt.jar:?]
	at java.lang.Thread.run(Thread.java:748) [?:1.8.0_144]
[ERROR] 2017-10-15 16:43:50.383 [JavaFX Application Thread] MainApp - Error
javafx.fxml.LoadException: 
/C:/Users/Marc-Daniel/Desktop/javaProject/JAM_1539756_1/target/classes/fxml/MonthView.fxml

	at javafx.fxml.FXMLLoader.constructLoadException(FXMLLoader.java:2601) ~[jfxrt.jar:?]
	at javafx.fxml.FXMLLoader.loadImpl(FXMLLoader.java:2571) ~[jfxrt.jar:?]
	at javafx.fxml.FXMLLoader.loadImpl(FXMLLoader.java:2441) ~[jfxrt.jar:?]
	at javafx.fxml.FXMLLoader.load(FXMLLoader.java:2409) ~[jfxrt.jar:?]
	at com.marcdanieldialogo.jam_jdbc.MainApp.initRootLayout(MainApp.java:60) ~[classes/:?]
	at com.marcdanieldialogo.jam_jdbc.MainApp.start(MainApp.java:38) ~[classes/:?]
	at com.sun.javafx.application.LauncherImpl.lambda$launchApplication1$162(LauncherImpl.java:863) ~[jfxrt.jar:?]
	at com.sun.javafx.application.PlatformImpl.lambda$runAndWait$175(PlatformImpl.java:326) ~[jfxrt.jar:?]
	at com.sun.javafx.application.PlatformImpl.lambda$null$173(PlatformImpl.java:295) ~[jfxrt.jar:?]
	at java.security.AccessController.doPrivileged(Native Method) ~[?:1.8.0_144]
	at com.sun.javafx.application.PlatformImpl.lambda$runLater$174(PlatformImpl.java:294) ~[jfxrt.jar:?]
	at com.sun.glass.ui.InvokeLaterDispatcher$Future.run(InvokeLaterDispatcher.java:95) ~[jfxrt.jar:?]
	at com.sun.glass.ui.win.WinApplication._runLoop(Native Method) ~[jfxrt.jar:?]
	at com.sun.glass.ui.win.WinApplication.lambda$null$148(WinApplication.java:191) ~[jfxrt.jar:?]
	at java.lang.Thread.run(Thread.java:748) [?:1.8.0_144]
Caused by: java.lang.reflect.InvocationTargetException
	at sun.reflect.NativeMethodAccessorImpl.invoke0(Native Method) ~[?:1.8.0_144]
	at sun.reflect.NativeMethodAccessorImpl.invoke(NativeMethodAccessorImpl.java:62) ~[?:1.8.0_144]
	at sun.reflect.DelegatingMethodAccessorImpl.invoke(DelegatingMethodAccessorImpl.java:43) ~[?:1.8.0_144]
	at java.lang.reflect.Method.invoke(Method.java:498) ~[?:1.8.0_144]
	at sun.reflect.misc.Trampoline.invoke(MethodUtil.java:71) ~[?:1.8.0_144]
	at sun.reflect.GeneratedMethodAccessor1.invoke(Unknown Source) ~[?:?]
	at sun.reflect.DelegatingMethodAccessorImpl.invoke(DelegatingMethodAccessorImpl.java:43) ~[?:1.8.0_144]
	at java.lang.reflect.Method.invoke(Method.java:498) ~[?:1.8.0_144]
	at sun.reflect.misc.MethodUtil.invoke(MethodUtil.java:275) ~[?:1.8.0_144]
	at javafx.fxml.FXMLLoader.loadImpl(FXMLLoader.java:2566) ~[jfxrt.jar:?]
	... 13 more
Caused by: java.lang.IndexOutOfBoundsException: Index: 6, Size: 0
	at java.util.ArrayList.rangeCheck(ArrayList.java:653) ~[?:1.8.0_144]
	at java.util.ArrayList.get(ArrayList.java:429) ~[?:1.8.0_144]
	at com.marcdanieldialogo.controller.MonthViewController.display(MonthViewController.java:139) ~[classes/:?]
	at com.marcdanieldialogo.controller.MonthViewController.initialize(MonthViewController.java:80) ~[classes/:?]
	at sun.reflect.NativeMethodAccessorImpl.invoke0(Native Method) ~[?:1.8.0_144]
	at sun.reflect.NativeMethodAccessorImpl.invoke(NativeMethodAccessorImpl.java:62) ~[?:1.8.0_144]
	at sun.reflect.DelegatingMethodAccessorImpl.invoke(DelegatingMethodAccessorImpl.java:43) ~[?:1.8.0_144]
	at java.lang.reflect.Method.invoke(Method.java:498) ~[?:1.8.0_144]
	at sun.reflect.misc.Trampoline.invoke(MethodUtil.java:71) ~[?:1.8.0_144]
	at sun.reflect.GeneratedMethodAccessor1.invoke(Unknown Source) ~[?:?]
	at sun.reflect.DelegatingMethodAccessorImpl.invoke(DelegatingMethodAccessorImpl.java:43) ~[?:1.8.0_144]
	at java.lang.reflect.Method.invoke(Method.java:498) ~[?:1.8.0_144]
	at sun.reflect.misc.MethodUtil.invoke(MethodUtil.java:275) ~[?:1.8.0_144]
	at javafx.fxml.FXMLLoader.loadImpl(FXMLLoader.java:2566) ~[jfxrt.jar:?]
	... 13 more
[ERROR] 2017-10-15 16:44:36.914 [JavaFX Application Thread] MainApp - Error
javafx.fxml.LoadException: 
/C:/Users/Marc-Daniel/Desktop/javaProject/JAM_1539756_1/target/classes/fxml/MonthView.fxml

	at javafx.fxml.FXMLLoader.constructLoadException(FXMLLoader.java:2601) ~[jfxrt.jar:?]
	at javafx.fxml.FXMLLoader.loadImpl(FXMLLoader.java:2571) ~[jfxrt.jar:?]
	at javafx.fxml.FXMLLoader.loadImpl(FXMLLoader.java:2441) ~[jfxrt.jar:?]
	at javafx.fxml.FXMLLoader.load(FXMLLoader.java:2409) ~[jfxrt.jar:?]
	at com.marcdanieldialogo.jam_jdbc.MainApp.initRootLayout(MainApp.java:60) ~[classes/:?]
	at com.marcdanieldialogo.jam_jdbc.MainApp.start(MainApp.java:38) ~[classes/:?]
	at com.sun.javafx.application.LauncherImpl.lambda$launchApplication1$162(LauncherImpl.java:863) ~[jfxrt.jar:?]
	at com.sun.javafx.application.PlatformImpl.lambda$runAndWait$175(PlatformImpl.java:326) ~[jfxrt.jar:?]
	at com.sun.javafx.application.PlatformImpl.lambda$null$173(PlatformImpl.java:295) ~[jfxrt.jar:?]
	at java.security.AccessController.doPrivileged(Native Method) ~[?:1.8.0_144]
	at com.sun.javafx.application.PlatformImpl.lambda$runLater$174(PlatformImpl.java:294) ~[jfxrt.jar:?]
	at com.sun.glass.ui.InvokeLaterDispatcher$Future.run(InvokeLaterDispatcher.java:95) ~[jfxrt.jar:?]
	at com.sun.glass.ui.win.WinApplication._runLoop(Native Method) ~[jfxrt.jar:?]
	at com.sun.glass.ui.win.WinApplication.lambda$null$148(WinApplication.java:191) ~[jfxrt.jar:?]
	at java.lang.Thread.run(Thread.java:748) [?:1.8.0_144]
Caused by: java.lang.reflect.InvocationTargetException
	at sun.reflect.NativeMethodAccessorImpl.invoke0(Native Method) ~[?:1.8.0_144]
	at sun.reflect.NativeMethodAccessorImpl.invoke(NativeMethodAccessorImpl.java:62) ~[?:1.8.0_144]
	at sun.reflect.DelegatingMethodAccessorImpl.invoke(DelegatingMethodAccessorImpl.java:43) ~[?:1.8.0_144]
	at java.lang.reflect.Method.invoke(Method.java:498) ~[?:1.8.0_144]
	at sun.reflect.misc.Trampoline.invoke(MethodUtil.java:71) ~[?:1.8.0_144]
	at sun.reflect.GeneratedMethodAccessor1.invoke(Unknown Source) ~[?:?]
	at sun.reflect.DelegatingMethodAccessorImpl.invoke(DelegatingMethodAccessorImpl.java:43) ~[?:1.8.0_144]
	at java.lang.reflect.Method.invoke(Method.java:498) ~[?:1.8.0_144]
	at sun.reflect.misc.MethodUtil.invoke(MethodUtil.java:275) ~[?:1.8.0_144]
	at javafx.fxml.FXMLLoader.loadImpl(FXMLLoader.java:2566) ~[jfxrt.jar:?]
	... 13 more
Caused by: java.lang.IndexOutOfBoundsException: Index: 6, Size: 0
	at java.util.ArrayList.rangeCheck(ArrayList.java:653) ~[?:1.8.0_144]
	at java.util.ArrayList.get(ArrayList.java:429) ~[?:1.8.0_144]
	at com.marcdanieldialogo.controller.MonthViewController.display(MonthViewController.java:139) ~[classes/:?]
	at com.marcdanieldialogo.controller.MonthViewController.initialize(MonthViewController.java:80) ~[classes/:?]
	at sun.reflect.NativeMethodAccessorImpl.invoke0(Native Method) ~[?:1.8.0_144]
	at sun.reflect.NativeMethodAccessorImpl.invoke(NativeMethodAccessorImpl.java:62) ~[?:1.8.0_144]
	at sun.reflect.DelegatingMethodAccessorImpl.invoke(DelegatingMethodAccessorImpl.java:43) ~[?:1.8.0_144]
	at java.lang.reflect.Method.invoke(Method.java:498) ~[?:1.8.0_144]
	at sun.reflect.misc.Trampoline.invoke(MethodUtil.java:71) ~[?:1.8.0_144]
	at sun.reflect.GeneratedMethodAccessor1.invoke(Unknown Source) ~[?:?]
	at sun.reflect.DelegatingMethodAccessorImpl.invoke(DelegatingMethodAccessorImpl.java:43) ~[?:1.8.0_144]
	at java.lang.reflect.Method.invoke(Method.java:498) ~[?:1.8.0_144]
	at sun.reflect.misc.MethodUtil.invoke(MethodUtil.java:275) ~[?:1.8.0_144]
	at javafx.fxml.FXMLLoader.loadImpl(FXMLLoader.java:2566) ~[jfxrt.jar:?]
	... 13 more
[ERROR] 2017-10-15 16:44:42.712 [JavaFX Application Thread] MainApp - Error
javafx.fxml.LoadException: 
/C:/Users/Marc-Daniel/Desktop/javaProject/JAM_1539756_1/target/classes/fxml/MonthView.fxml

	at javafx.fxml.FXMLLoader.constructLoadException(FXMLLoader.java:2601) ~[jfxrt.jar:?]
	at javafx.fxml.FXMLLoader.loadImpl(FXMLLoader.java:2571) ~[jfxrt.jar:?]
	at javafx.fxml.FXMLLoader.loadImpl(FXMLLoader.java:2441) ~[jfxrt.jar:?]
	at javafx.fxml.FXMLLoader.load(FXMLLoader.java:2409) ~[jfxrt.jar:?]
	at com.marcdanieldialogo.jam_jdbc.MainApp.initRootLayout(MainApp.java:60) ~[classes/:?]
	at com.marcdanieldialogo.jam_jdbc.MainApp.start(MainApp.java:38) ~[classes/:?]
	at com.sun.javafx.application.LauncherImpl.lambda$launchApplication1$162(LauncherImpl.java:863) ~[jfxrt.jar:?]
	at com.sun.javafx.application.PlatformImpl.lambda$runAndWait$175(PlatformImpl.java:326) ~[jfxrt.jar:?]
	at com.sun.javafx.application.PlatformImpl.lambda$null$173(PlatformImpl.java:295) ~[jfxrt.jar:?]
	at java.security.AccessController.doPrivileged(Native Method) ~[?:1.8.0_144]
	at com.sun.javafx.application.PlatformImpl.lambda$runLater$174(PlatformImpl.java:294) ~[jfxrt.jar:?]
	at com.sun.glass.ui.InvokeLaterDispatcher$Future.run(InvokeLaterDispatcher.java:95) ~[jfxrt.jar:?]
	at com.sun.glass.ui.win.WinApplication._runLoop(Native Method) ~[jfxrt.jar:?]
	at com.sun.glass.ui.win.WinApplication.lambda$null$148(WinApplication.java:191) ~[jfxrt.jar:?]
	at java.lang.Thread.run(Thread.java:748) [?:1.8.0_144]
Caused by: java.lang.reflect.InvocationTargetException
	at sun.reflect.NativeMethodAccessorImpl.invoke0(Native Method) ~[?:1.8.0_144]
	at sun.reflect.NativeMethodAccessorImpl.invoke(NativeMethodAccessorImpl.java:62) ~[?:1.8.0_144]
	at sun.reflect.DelegatingMethodAccessorImpl.invoke(DelegatingMethodAccessorImpl.java:43) ~[?:1.8.0_144]
	at java.lang.reflect.Method.invoke(Method.java:498) ~[?:1.8.0_144]
	at sun.reflect.misc.Trampoline.invoke(MethodUtil.java:71) ~[?:1.8.0_144]
	at sun.reflect.GeneratedMethodAccessor1.invoke(Unknown Source) ~[?:?]
	at sun.reflect.DelegatingMethodAccessorImpl.invoke(DelegatingMethodAccessorImpl.java:43) ~[?:1.8.0_144]
	at java.lang.reflect.Method.invoke(Method.java:498) ~[?:1.8.0_144]
	at sun.reflect.misc.MethodUtil.invoke(MethodUtil.java:275) ~[?:1.8.0_144]
	at javafx.fxml.FXMLLoader.loadImpl(FXMLLoader.java:2566) ~[jfxrt.jar:?]
	... 13 more
Caused by: java.lang.IndexOutOfBoundsException: Index: 6, Size: 0
	at java.util.ArrayList.rangeCheck(ArrayList.java:653) ~[?:1.8.0_144]
	at java.util.ArrayList.get(ArrayList.java:429) ~[?:1.8.0_144]
	at com.marcdanieldialogo.controller.MonthViewController.display(MonthViewController.java:139) ~[classes/:?]
	at com.marcdanieldialogo.controller.MonthViewController.initialize(MonthViewController.java:80) ~[classes/:?]
	at sun.reflect.NativeMethodAccessorImpl.invoke0(Native Method) ~[?:1.8.0_144]
	at sun.reflect.NativeMethodAccessorImpl.invoke(NativeMethodAccessorImpl.java:62) ~[?:1.8.0_144]
	at sun.reflect.DelegatingMethodAccessorImpl.invoke(DelegatingMethodAccessorImpl.java:43) ~[?:1.8.0_144]
	at java.lang.reflect.Method.invoke(Method.java:498) ~[?:1.8.0_144]
	at sun.reflect.misc.Trampoline.invoke(MethodUtil.java:71) ~[?:1.8.0_144]
	at sun.reflect.GeneratedMethodAccessor1.invoke(Unknown Source) ~[?:?]
	at sun.reflect.DelegatingMethodAccessorImpl.invoke(DelegatingMethodAccessorImpl.java:43) ~[?:1.8.0_144]
	at java.lang.reflect.Method.invoke(Method.java:498) ~[?:1.8.0_144]
	at sun.reflect.misc.MethodUtil.invoke(MethodUtil.java:275) ~[?:1.8.0_144]
	at javafx.fxml.FXMLLoader.loadImpl(FXMLLoader.java:2566) ~[jfxrt.jar:?]
	... 13 more
[ERROR] 2017-10-15 17:36:26.572 [JavaFX Application Thread] MainApp - Error
javafx.fxml.LoadException: 
/C:/Users/Marc-Daniel/Desktop/javaProject/JAM_1539756_1/target/classes/fxml/MonthView.fxml

	at javafx.fxml.FXMLLoader.constructLoadException(FXMLLoader.java:2601) ~[jfxrt.jar:?]
	at javafx.fxml.FXMLLoader.loadImpl(FXMLLoader.java:2571) ~[jfxrt.jar:?]
	at javafx.fxml.FXMLLoader.loadImpl(FXMLLoader.java:2441) ~[jfxrt.jar:?]
	at javafx.fxml.FXMLLoader.load(FXMLLoader.java:2409) ~[jfxrt.jar:?]
	at com.marcdanieldialogo.jam_jdbc.MainApp.initRootLayout(MainApp.java:60) ~[classes/:?]
	at com.marcdanieldialogo.jam_jdbc.MainApp.start(MainApp.java:38) ~[classes/:?]
	at com.sun.javafx.application.LauncherImpl.lambda$launchApplication1$162(LauncherImpl.java:863) ~[jfxrt.jar:?]
	at com.sun.javafx.application.PlatformImpl.lambda$runAndWait$175(PlatformImpl.java:326) ~[jfxrt.jar:?]
	at com.sun.javafx.application.PlatformImpl.lambda$null$173(PlatformImpl.java:295) ~[jfxrt.jar:?]
	at java.security.AccessController.doPrivileged(Native Method) ~[?:1.8.0_144]
	at com.sun.javafx.application.PlatformImpl.lambda$runLater$174(PlatformImpl.java:294) ~[jfxrt.jar:?]
	at com.sun.glass.ui.InvokeLaterDispatcher$Future.run(InvokeLaterDispatcher.java:95) ~[jfxrt.jar:?]
	at com.sun.glass.ui.win.WinApplication._runLoop(Native Method) ~[jfxrt.jar:?]
	at com.sun.glass.ui.win.WinApplication.lambda$null$148(WinApplication.java:191) ~[jfxrt.jar:?]
	at java.lang.Thread.run(Thread.java:748) [?:1.8.0_144]
Caused by: java.lang.reflect.InvocationTargetException
	at sun.reflect.NativeMethodAccessorImpl.invoke0(Native Method) ~[?:1.8.0_144]
	at sun.reflect.NativeMethodAccessorImpl.invoke(NativeMethodAccessorImpl.java:62) ~[?:1.8.0_144]
	at sun.reflect.DelegatingMethodAccessorImpl.invoke(DelegatingMethodAccessorImpl.java:43) ~[?:1.8.0_144]
	at java.lang.reflect.Method.invoke(Method.java:498) ~[?:1.8.0_144]
	at sun.reflect.misc.Trampoline.invoke(MethodUtil.java:71) ~[?:1.8.0_144]
	at sun.reflect.GeneratedMethodAccessor1.invoke(Unknown Source) ~[?:?]
	at sun.reflect.DelegatingMethodAccessorImpl.invoke(DelegatingMethodAccessorImpl.java:43) ~[?:1.8.0_144]
	at java.lang.reflect.Method.invoke(Method.java:498) ~[?:1.8.0_144]
	at sun.reflect.misc.MethodUtil.invoke(MethodUtil.java:275) ~[?:1.8.0_144]
	at javafx.fxml.FXMLLoader.loadImpl(FXMLLoader.java:2566) ~[jfxrt.jar:?]
	... 13 more
Caused by: java.lang.NumberFormatException: For input string: ""
	at java.lang.NumberFormatException.forInputString(NumberFormatException.java:65) ~[?:1.8.0_144]
	at java.lang.Integer.parseInt(Integer.java:592) ~[?:1.8.0_144]
	at java.lang.Integer.parseInt(Integer.java:615) ~[?:1.8.0_144]
	at com.marcdanieldialogo.controller.MonthViewController.display(MonthViewController.java:157) ~[classes/:?]
	at com.marcdanieldialogo.controller.MonthViewController.initialize(MonthViewController.java:79) ~[classes/:?]
	at sun.reflect.NativeMethodAccessorImpl.invoke0(Native Method) ~[?:1.8.0_144]
	at sun.reflect.NativeMethodAccessorImpl.invoke(NativeMethodAccessorImpl.java:62) ~[?:1.8.0_144]
	at sun.reflect.DelegatingMethodAccessorImpl.invoke(DelegatingMethodAccessorImpl.java:43) ~[?:1.8.0_144]
	at java.lang.reflect.Method.invoke(Method.java:498) ~[?:1.8.0_144]
	at sun.reflect.misc.Trampoline.invoke(MethodUtil.java:71) ~[?:1.8.0_144]
	at sun.reflect.GeneratedMethodAccessor1.invoke(Unknown Source) ~[?:?]
	at sun.reflect.DelegatingMethodAccessorImpl.invoke(DelegatingMethodAccessorImpl.java:43) ~[?:1.8.0_144]
	at java.lang.reflect.Method.invoke(Method.java:498) ~[?:1.8.0_144]
	at sun.reflect.misc.MethodUtil.invoke(MethodUtil.java:275) ~[?:1.8.0_144]
	at javafx.fxml.FXMLLoader.loadImpl(FXMLLoader.java:2566) ~[jfxrt.jar:?]
	... 13 more
[ERROR] 2017-10-15 17:36:58.489 [JavaFX Application Thread] MainApp - Error
javafx.fxml.LoadException: 
/C:/Users/Marc-Daniel/Desktop/javaProject/JAM_1539756_1/target/classes/fxml/MonthView.fxml

	at javafx.fxml.FXMLLoader.constructLoadException(FXMLLoader.java:2601) ~[jfxrt.jar:?]
	at javafx.fxml.FXMLLoader.loadImpl(FXMLLoader.java:2571) ~[jfxrt.jar:?]
	at javafx.fxml.FXMLLoader.loadImpl(FXMLLoader.java:2441) ~[jfxrt.jar:?]
	at javafx.fxml.FXMLLoader.load(FXMLLoader.java:2409) ~[jfxrt.jar:?]
	at com.marcdanieldialogo.jam_jdbc.MainApp.initRootLayout(MainApp.java:60) ~[classes/:?]
	at com.marcdanieldialogo.jam_jdbc.MainApp.start(MainApp.java:38) ~[classes/:?]
	at com.sun.javafx.application.LauncherImpl.lambda$launchApplication1$162(LauncherImpl.java:863) ~[jfxrt.jar:?]
	at com.sun.javafx.application.PlatformImpl.lambda$runAndWait$175(PlatformImpl.java:326) ~[jfxrt.jar:?]
	at com.sun.javafx.application.PlatformImpl.lambda$null$173(PlatformImpl.java:295) ~[jfxrt.jar:?]
	at java.security.AccessController.doPrivileged(Native Method) ~[?:1.8.0_144]
	at com.sun.javafx.application.PlatformImpl.lambda$runLater$174(PlatformImpl.java:294) ~[jfxrt.jar:?]
	at com.sun.glass.ui.InvokeLaterDispatcher$Future.run(InvokeLaterDispatcher.java:95) ~[jfxrt.jar:?]
	at com.sun.glass.ui.win.WinApplication._runLoop(Native Method) ~[jfxrt.jar:?]
	at com.sun.glass.ui.win.WinApplication.lambda$null$148(WinApplication.java:191) ~[jfxrt.jar:?]
	at java.lang.Thread.run(Thread.java:748) [?:1.8.0_144]
Caused by: java.lang.reflect.InvocationTargetException
	at sun.reflect.NativeMethodAccessorImpl.invoke0(Native Method) ~[?:1.8.0_144]
	at sun.reflect.NativeMethodAccessorImpl.invoke(NativeMethodAccessorImpl.java:62) ~[?:1.8.0_144]
	at sun.reflect.DelegatingMethodAccessorImpl.invoke(DelegatingMethodAccessorImpl.java:43) ~[?:1.8.0_144]
	at java.lang.reflect.Method.invoke(Method.java:498) ~[?:1.8.0_144]
	at sun.reflect.misc.Trampoline.invoke(MethodUtil.java:71) ~[?:1.8.0_144]
	at sun.reflect.GeneratedMethodAccessor1.invoke(Unknown Source) ~[?:?]
	at sun.reflect.DelegatingMethodAccessorImpl.invoke(DelegatingMethodAccessorImpl.java:43) ~[?:1.8.0_144]
	at java.lang.reflect.Method.invoke(Method.java:498) ~[?:1.8.0_144]
	at sun.reflect.misc.MethodUtil.invoke(MethodUtil.java:275) ~[?:1.8.0_144]
	at javafx.fxml.FXMLLoader.loadImpl(FXMLLoader.java:2566) ~[jfxrt.jar:?]
	... 13 more
Caused by: java.lang.NumberFormatException: For input string: ""
	at java.lang.NumberFormatException.forInputString(NumberFormatException.java:65) ~[?:1.8.0_144]
	at java.lang.Integer.parseInt(Integer.java:592) ~[?:1.8.0_144]
	at java.lang.Integer.parseInt(Integer.java:615) ~[?:1.8.0_144]
	at com.marcdanieldialogo.controller.MonthViewController.display(MonthViewController.java:155) ~[classes/:?]
	at com.marcdanieldialogo.controller.MonthViewController.initialize(MonthViewController.java:79) ~[classes/:?]
	at sun.reflect.NativeMethodAccessorImpl.invoke0(Native Method) ~[?:1.8.0_144]
	at sun.reflect.NativeMethodAccessorImpl.invoke(NativeMethodAccessorImpl.java:62) ~[?:1.8.0_144]
	at sun.reflect.DelegatingMethodAccessorImpl.invoke(DelegatingMethodAccessorImpl.java:43) ~[?:1.8.0_144]
	at java.lang.reflect.Method.invoke(Method.java:498) ~[?:1.8.0_144]
	at sun.reflect.misc.Trampoline.invoke(MethodUtil.java:71) ~[?:1.8.0_144]
	at sun.reflect.GeneratedMethodAccessor1.invoke(Unknown Source) ~[?:?]
	at sun.reflect.DelegatingMethodAccessorImpl.invoke(DelegatingMethodAccessorImpl.java:43) ~[?:1.8.0_144]
	at java.lang.reflect.Method.invoke(Method.java:498) ~[?:1.8.0_144]
	at sun.reflect.misc.MethodUtil.invoke(MethodUtil.java:275) ~[?:1.8.0_144]
	at javafx.fxml.FXMLLoader.loadImpl(FXMLLoader.java:2566) ~[jfxrt.jar:?]
	... 13 more
[ERROR] 2017-10-15 17:37:34.721 [JavaFX Application Thread] MainApp - Error
javafx.fxml.LoadException: 
/C:/Users/Marc-Daniel/Desktop/javaProject/JAM_1539756_1/target/classes/fxml/MonthView.fxml

	at javafx.fxml.FXMLLoader.constructLoadException(FXMLLoader.java:2601) ~[jfxrt.jar:?]
	at javafx.fxml.FXMLLoader.loadImpl(FXMLLoader.java:2571) ~[jfxrt.jar:?]
	at javafx.fxml.FXMLLoader.loadImpl(FXMLLoader.java:2441) ~[jfxrt.jar:?]
	at javafx.fxml.FXMLLoader.load(FXMLLoader.java:2409) ~[jfxrt.jar:?]
	at com.marcdanieldialogo.jam_jdbc.MainApp.initRootLayout(MainApp.java:60) ~[classes/:?]
	at com.marcdanieldialogo.jam_jdbc.MainApp.start(MainApp.java:38) ~[classes/:?]
	at com.sun.javafx.application.LauncherImpl.lambda$launchApplication1$162(LauncherImpl.java:863) ~[jfxrt.jar:?]
	at com.sun.javafx.application.PlatformImpl.lambda$runAndWait$175(PlatformImpl.java:326) ~[jfxrt.jar:?]
	at com.sun.javafx.application.PlatformImpl.lambda$null$173(PlatformImpl.java:295) ~[jfxrt.jar:?]
	at java.security.AccessController.doPrivileged(Native Method) ~[?:1.8.0_144]
	at com.sun.javafx.application.PlatformImpl.lambda$runLater$174(PlatformImpl.java:294) ~[jfxrt.jar:?]
	at com.sun.glass.ui.InvokeLaterDispatcher$Future.run(InvokeLaterDispatcher.java:95) ~[jfxrt.jar:?]
	at com.sun.glass.ui.win.WinApplication._runLoop(Native Method) ~[jfxrt.jar:?]
	at com.sun.glass.ui.win.WinApplication.lambda$null$148(WinApplication.java:191) ~[jfxrt.jar:?]
	at java.lang.Thread.run(Thread.java:748) [?:1.8.0_144]
Caused by: java.lang.reflect.InvocationTargetException
	at sun.reflect.NativeMethodAccessorImpl.invoke0(Native Method) ~[?:1.8.0_144]
	at sun.reflect.NativeMethodAccessorImpl.invoke(NativeMethodAccessorImpl.java:62) ~[?:1.8.0_144]
	at sun.reflect.DelegatingMethodAccessorImpl.invoke(DelegatingMethodAccessorImpl.java:43) ~[?:1.8.0_144]
	at java.lang.reflect.Method.invoke(Method.java:498) ~[?:1.8.0_144]
	at sun.reflect.misc.Trampoline.invoke(MethodUtil.java:71) ~[?:1.8.0_144]
	at sun.reflect.GeneratedMethodAccessor1.invoke(Unknown Source) ~[?:?]
	at sun.reflect.DelegatingMethodAccessorImpl.invoke(DelegatingMethodAccessorImpl.java:43) ~[?:1.8.0_144]
	at java.lang.reflect.Method.invoke(Method.java:498) ~[?:1.8.0_144]
	at sun.reflect.misc.MethodUtil.invoke(MethodUtil.java:275) ~[?:1.8.0_144]
	at javafx.fxml.FXMLLoader.loadImpl(FXMLLoader.java:2566) ~[jfxrt.jar:?]
	... 13 more
Caused by: java.lang.NumberFormatException: For input string: ""
	at java.lang.NumberFormatException.forInputString(NumberFormatException.java:65) ~[?:1.8.0_144]
	at java.lang.Integer.parseInt(Integer.java:592) ~[?:1.8.0_144]
	at java.lang.Integer.parseInt(Integer.java:615) ~[?:1.8.0_144]
	at com.marcdanieldialogo.controller.MonthViewController.display(MonthViewController.java:155) ~[classes/:?]
	at com.marcdanieldialogo.controller.MonthViewController.initialize(MonthViewController.java:79) ~[classes/:?]
	at sun.reflect.NativeMethodAccessorImpl.invoke0(Native Method) ~[?:1.8.0_144]
	at sun.reflect.NativeMethodAccessorImpl.invoke(NativeMethodAccessorImpl.java:62) ~[?:1.8.0_144]
	at sun.reflect.DelegatingMethodAccessorImpl.invoke(DelegatingMethodAccessorImpl.java:43) ~[?:1.8.0_144]
	at java.lang.reflect.Method.invoke(Method.java:498) ~[?:1.8.0_144]
	at sun.reflect.misc.Trampoline.invoke(MethodUtil.java:71) ~[?:1.8.0_144]
	at sun.reflect.GeneratedMethodAccessor1.invoke(Unknown Source) ~[?:?]
	at sun.reflect.DelegatingMethodAccessorImpl.invoke(DelegatingMethodAccessorImpl.java:43) ~[?:1.8.0_144]
	at java.lang.reflect.Method.invoke(Method.java:498) ~[?:1.8.0_144]
	at sun.reflect.misc.MethodUtil.invoke(MethodUtil.java:275) ~[?:1.8.0_144]
	at javafx.fxml.FXMLLoader.loadImpl(FXMLLoader.java:2566) ~[jfxrt.jar:?]
	... 13 more
[ERROR] 2017-10-15 17:38:43.161 [JavaFX Application Thread] MainApp - Error
javafx.fxml.LoadException: 
/C:/Users/Marc-Daniel/Desktop/javaProject/JAM_1539756_1/target/classes/fxml/MonthView.fxml

	at javafx.fxml.FXMLLoader.constructLoadException(FXMLLoader.java:2601) ~[jfxrt.jar:?]
	at javafx.fxml.FXMLLoader.loadImpl(FXMLLoader.java:2571) ~[jfxrt.jar:?]
	at javafx.fxml.FXMLLoader.loadImpl(FXMLLoader.java:2441) ~[jfxrt.jar:?]
	at javafx.fxml.FXMLLoader.load(FXMLLoader.java:2409) ~[jfxrt.jar:?]
	at com.marcdanieldialogo.jam_jdbc.MainApp.initRootLayout(MainApp.java:60) ~[classes/:?]
	at com.marcdanieldialogo.jam_jdbc.MainApp.start(MainApp.java:38) ~[classes/:?]
	at com.sun.javafx.application.LauncherImpl.lambda$launchApplication1$162(LauncherImpl.java:863) ~[jfxrt.jar:?]
	at com.sun.javafx.application.PlatformImpl.lambda$runAndWait$175(PlatformImpl.java:326) ~[jfxrt.jar:?]
	at com.sun.javafx.application.PlatformImpl.lambda$null$173(PlatformImpl.java:295) ~[jfxrt.jar:?]
	at java.security.AccessController.doPrivileged(Native Method) ~[?:1.8.0_144]
	at com.sun.javafx.application.PlatformImpl.lambda$runLater$174(PlatformImpl.java:294) ~[jfxrt.jar:?]
	at com.sun.glass.ui.InvokeLaterDispatcher$Future.run(InvokeLaterDispatcher.java:95) ~[jfxrt.jar:?]
	at com.sun.glass.ui.win.WinApplication._runLoop(Native Method) ~[jfxrt.jar:?]
	at com.sun.glass.ui.win.WinApplication.lambda$null$148(WinApplication.java:191) ~[jfxrt.jar:?]
	at java.lang.Thread.run(Thread.java:748) [?:1.8.0_144]
Caused by: java.lang.reflect.InvocationTargetException
	at sun.reflect.NativeMethodAccessorImpl.invoke0(Native Method) ~[?:1.8.0_144]
	at sun.reflect.NativeMethodAccessorImpl.invoke(NativeMethodAccessorImpl.java:62) ~[?:1.8.0_144]
	at sun.reflect.DelegatingMethodAccessorImpl.invoke(DelegatingMethodAccessorImpl.java:43) ~[?:1.8.0_144]
	at java.lang.reflect.Method.invoke(Method.java:498) ~[?:1.8.0_144]
	at sun.reflect.misc.Trampoline.invoke(MethodUtil.java:71) ~[?:1.8.0_144]
	at sun.reflect.GeneratedMethodAccessor1.invoke(Unknown Source) ~[?:?]
	at sun.reflect.DelegatingMethodAccessorImpl.invoke(DelegatingMethodAccessorImpl.java:43) ~[?:1.8.0_144]
	at java.lang.reflect.Method.invoke(Method.java:498) ~[?:1.8.0_144]
	at sun.reflect.misc.MethodUtil.invoke(MethodUtil.java:275) ~[?:1.8.0_144]
	at javafx.fxml.FXMLLoader.loadImpl(FXMLLoader.java:2566) ~[jfxrt.jar:?]
	... 13 more
Caused by: java.lang.RuntimeException: Uncompilable source code - Erroneous sym type: java.io.PrintStream.pritln
	at com.marcdanieldialogo.controller.MonthViewController.display(MonthViewController.java:149) ~[classes/:?]
	at com.marcdanieldialogo.controller.MonthViewController.initialize(MonthViewController.java:79) ~[classes/:?]
	at sun.reflect.NativeMethodAccessorImpl.invoke0(Native Method) ~[?:1.8.0_144]
	at sun.reflect.NativeMethodAccessorImpl.invoke(NativeMethodAccessorImpl.java:62) ~[?:1.8.0_144]
	at sun.reflect.DelegatingMethodAccessorImpl.invoke(DelegatingMethodAccessorImpl.java:43) ~[?:1.8.0_144]
	at java.lang.reflect.Method.invoke(Method.java:498) ~[?:1.8.0_144]
	at sun.reflect.misc.Trampoline.invoke(MethodUtil.java:71) ~[?:1.8.0_144]
	at sun.reflect.GeneratedMethodAccessor1.invoke(Unknown Source) ~[?:?]
	at sun.reflect.DelegatingMethodAccessorImpl.invoke(DelegatingMethodAccessorImpl.java:43) ~[?:1.8.0_144]
	at java.lang.reflect.Method.invoke(Method.java:498) ~[?:1.8.0_144]
	at sun.reflect.misc.MethodUtil.invoke(MethodUtil.java:275) ~[?:1.8.0_144]
	at javafx.fxml.FXMLLoader.loadImpl(FXMLLoader.java:2566) ~[jfxrt.jar:?]
	... 13 more
[ERROR] 2017-10-15 17:38:49.124 [JavaFX Application Thread] MainApp - Error
javafx.fxml.LoadException: 
/C:/Users/Marc-Daniel/Desktop/javaProject/JAM_1539756_1/target/classes/fxml/MonthView.fxml

	at javafx.fxml.FXMLLoader.constructLoadException(FXMLLoader.java:2601) ~[jfxrt.jar:?]
	at javafx.fxml.FXMLLoader.loadImpl(FXMLLoader.java:2571) ~[jfxrt.jar:?]
	at javafx.fxml.FXMLLoader.loadImpl(FXMLLoader.java:2441) ~[jfxrt.jar:?]
	at javafx.fxml.FXMLLoader.load(FXMLLoader.java:2409) ~[jfxrt.jar:?]
	at com.marcdanieldialogo.jam_jdbc.MainApp.initRootLayout(MainApp.java:60) ~[classes/:?]
	at com.marcdanieldialogo.jam_jdbc.MainApp.start(MainApp.java:38) ~[classes/:?]
	at com.sun.javafx.application.LauncherImpl.lambda$launchApplication1$162(LauncherImpl.java:863) ~[jfxrt.jar:?]
	at com.sun.javafx.application.PlatformImpl.lambda$runAndWait$175(PlatformImpl.java:326) ~[jfxrt.jar:?]
	at com.sun.javafx.application.PlatformImpl.lambda$null$173(PlatformImpl.java:295) ~[jfxrt.jar:?]
	at java.security.AccessController.doPrivileged(Native Method) ~[?:1.8.0_144]
	at com.sun.javafx.application.PlatformImpl.lambda$runLater$174(PlatformImpl.java:294) ~[jfxrt.jar:?]
	at com.sun.glass.ui.InvokeLaterDispatcher$Future.run(InvokeLaterDispatcher.java:95) ~[jfxrt.jar:?]
	at com.sun.glass.ui.win.WinApplication._runLoop(Native Method) ~[jfxrt.jar:?]
	at com.sun.glass.ui.win.WinApplication.lambda$null$148(WinApplication.java:191) ~[jfxrt.jar:?]
	at java.lang.Thread.run(Thread.java:748) [?:1.8.0_144]
Caused by: java.lang.reflect.InvocationTargetException
	at sun.reflect.NativeMethodAccessorImpl.invoke0(Native Method) ~[?:1.8.0_144]
	at sun.reflect.NativeMethodAccessorImpl.invoke(NativeMethodAccessorImpl.java:62) ~[?:1.8.0_144]
	at sun.reflect.DelegatingMethodAccessorImpl.invoke(DelegatingMethodAccessorImpl.java:43) ~[?:1.8.0_144]
	at java.lang.reflect.Method.invoke(Method.java:498) ~[?:1.8.0_144]
	at sun.reflect.misc.Trampoline.invoke(MethodUtil.java:71) ~[?:1.8.0_144]
	at sun.reflect.GeneratedMethodAccessor1.invoke(Unknown Source) ~[?:?]
	at sun.reflect.DelegatingMethodAccessorImpl.invoke(DelegatingMethodAccessorImpl.java:43) ~[?:1.8.0_144]
	at java.lang.reflect.Method.invoke(Method.java:498) ~[?:1.8.0_144]
	at sun.reflect.misc.MethodUtil.invoke(MethodUtil.java:275) ~[?:1.8.0_144]
	at javafx.fxml.FXMLLoader.loadImpl(FXMLLoader.java:2566) ~[jfxrt.jar:?]
	... 13 more
Caused by: java.lang.NumberFormatException: For input string: ""
	at java.lang.NumberFormatException.forInputString(NumberFormatException.java:65) ~[?:1.8.0_144]
	at java.lang.Integer.parseInt(Integer.java:592) ~[?:1.8.0_144]
	at java.lang.Integer.parseInt(Integer.java:615) ~[?:1.8.0_144]
	at com.marcdanieldialogo.controller.MonthViewController.display(MonthViewController.java:154) ~[classes/:?]
	at com.marcdanieldialogo.controller.MonthViewController.initialize(MonthViewController.java:79) ~[classes/:?]
	at sun.reflect.NativeMethodAccessorImpl.invoke0(Native Method) ~[?:1.8.0_144]
	at sun.reflect.NativeMethodAccessorImpl.invoke(NativeMethodAccessorImpl.java:62) ~[?:1.8.0_144]
	at sun.reflect.DelegatingMethodAccessorImpl.invoke(DelegatingMethodAccessorImpl.java:43) ~[?:1.8.0_144]
	at java.lang.reflect.Method.invoke(Method.java:498) ~[?:1.8.0_144]
	at sun.reflect.misc.Trampoline.invoke(MethodUtil.java:71) ~[?:1.8.0_144]
	at sun.reflect.GeneratedMethodAccessor1.invoke(Unknown Source) ~[?:?]
	at sun.reflect.DelegatingMethodAccessorImpl.invoke(DelegatingMethodAccessorImpl.java:43) ~[?:1.8.0_144]
	at java.lang.reflect.Method.invoke(Method.java:498) ~[?:1.8.0_144]
	at sun.reflect.misc.MethodUtil.invoke(MethodUtil.java:275) ~[?:1.8.0_144]
	at javafx.fxml.FXMLLoader.loadImpl(FXMLLoader.java:2566) ~[jfxrt.jar:?]
	... 13 more
[ERROR] 2017-10-15 17:39:14.412 [JavaFX Application Thread] MainApp - Error
javafx.fxml.LoadException: 
/C:/Users/Marc-Daniel/Desktop/javaProject/JAM_1539756_1/target/classes/fxml/MonthView.fxml

	at javafx.fxml.FXMLLoader.constructLoadException(FXMLLoader.java:2601) ~[jfxrt.jar:?]
	at javafx.fxml.FXMLLoader.loadImpl(FXMLLoader.java:2571) ~[jfxrt.jar:?]
	at javafx.fxml.FXMLLoader.loadImpl(FXMLLoader.java:2441) ~[jfxrt.jar:?]
	at javafx.fxml.FXMLLoader.load(FXMLLoader.java:2409) ~[jfxrt.jar:?]
	at com.marcdanieldialogo.jam_jdbc.MainApp.initRootLayout(MainApp.java:60) ~[classes/:?]
	at com.marcdanieldialogo.jam_jdbc.MainApp.start(MainApp.java:38) ~[classes/:?]
	at com.sun.javafx.application.LauncherImpl.lambda$launchApplication1$162(LauncherImpl.java:863) ~[jfxrt.jar:?]
	at com.sun.javafx.application.PlatformImpl.lambda$runAndWait$175(PlatformImpl.java:326) ~[jfxrt.jar:?]
	at com.sun.javafx.application.PlatformImpl.lambda$null$173(PlatformImpl.java:295) ~[jfxrt.jar:?]
	at java.security.AccessController.doPrivileged(Native Method) ~[?:1.8.0_144]
	at com.sun.javafx.application.PlatformImpl.lambda$runLater$174(PlatformImpl.java:294) ~[jfxrt.jar:?]
	at com.sun.glass.ui.InvokeLaterDispatcher$Future.run(InvokeLaterDispatcher.java:95) ~[jfxrt.jar:?]
	at com.sun.glass.ui.win.WinApplication._runLoop(Native Method) ~[jfxrt.jar:?]
	at com.sun.glass.ui.win.WinApplication.lambda$null$148(WinApplication.java:191) ~[jfxrt.jar:?]
	at java.lang.Thread.run(Thread.java:748) [?:1.8.0_144]
Caused by: java.lang.reflect.InvocationTargetException
	at sun.reflect.NativeMethodAccessorImpl.invoke0(Native Method) ~[?:1.8.0_144]
	at sun.reflect.NativeMethodAccessorImpl.invoke(NativeMethodAccessorImpl.java:62) ~[?:1.8.0_144]
	at sun.reflect.DelegatingMethodAccessorImpl.invoke(DelegatingMethodAccessorImpl.java:43) ~[?:1.8.0_144]
	at java.lang.reflect.Method.invoke(Method.java:498) ~[?:1.8.0_144]
	at sun.reflect.misc.Trampoline.invoke(MethodUtil.java:71) ~[?:1.8.0_144]
	at sun.reflect.GeneratedMethodAccessor1.invoke(Unknown Source) ~[?:?]
	at sun.reflect.DelegatingMethodAccessorImpl.invoke(DelegatingMethodAccessorImpl.java:43) ~[?:1.8.0_144]
	at java.lang.reflect.Method.invoke(Method.java:498) ~[?:1.8.0_144]
	at sun.reflect.misc.MethodUtil.invoke(MethodUtil.java:275) ~[?:1.8.0_144]
	at javafx.fxml.FXMLLoader.loadImpl(FXMLLoader.java:2566) ~[jfxrt.jar:?]
	... 13 more
Caused by: java.lang.NumberFormatException: For input string: ""
	at java.lang.NumberFormatException.forInputString(NumberFormatException.java:65) ~[?:1.8.0_144]
	at java.lang.Integer.parseInt(Integer.java:592) ~[?:1.8.0_144]
	at java.lang.Integer.parseInt(Integer.java:615) ~[?:1.8.0_144]
	at com.marcdanieldialogo.controller.MonthViewController.display(MonthViewController.java:154) ~[classes/:?]
	at com.marcdanieldialogo.controller.MonthViewController.initialize(MonthViewController.java:79) ~[classes/:?]
	at sun.reflect.NativeMethodAccessorImpl.invoke0(Native Method) ~[?:1.8.0_144]
	at sun.reflect.NativeMethodAccessorImpl.invoke(NativeMethodAccessorImpl.java:62) ~[?:1.8.0_144]
	at sun.reflect.DelegatingMethodAccessorImpl.invoke(DelegatingMethodAccessorImpl.java:43) ~[?:1.8.0_144]
	at java.lang.reflect.Method.invoke(Method.java:498) ~[?:1.8.0_144]
	at sun.reflect.misc.Trampoline.invoke(MethodUtil.java:71) ~[?:1.8.0_144]
	at sun.reflect.GeneratedMethodAccessor1.invoke(Unknown Source) ~[?:?]
	at sun.reflect.DelegatingMethodAccessorImpl.invoke(DelegatingMethodAccessorImpl.java:43) ~[?:1.8.0_144]
	at java.lang.reflect.Method.invoke(Method.java:498) ~[?:1.8.0_144]
	at sun.reflect.misc.MethodUtil.invoke(MethodUtil.java:275) ~[?:1.8.0_144]
	at javafx.fxml.FXMLLoader.loadImpl(FXMLLoader.java:2566) ~[jfxrt.jar:?]
	... 13 more
[ERROR] 2017-10-15 17:39:27.456 [JavaFX Application Thread] MainApp - Error
javafx.fxml.LoadException: 
/C:/Users/Marc-Daniel/Desktop/javaProject/JAM_1539756_1/target/classes/fxml/MonthView.fxml

	at javafx.fxml.FXMLLoader.constructLoadException(FXMLLoader.java:2601) ~[jfxrt.jar:?]
	at javafx.fxml.FXMLLoader.loadImpl(FXMLLoader.java:2571) ~[jfxrt.jar:?]
	at javafx.fxml.FXMLLoader.loadImpl(FXMLLoader.java:2441) ~[jfxrt.jar:?]
	at javafx.fxml.FXMLLoader.load(FXMLLoader.java:2409) ~[jfxrt.jar:?]
	at com.marcdanieldialogo.jam_jdbc.MainApp.initRootLayout(MainApp.java:60) ~[classes/:?]
	at com.marcdanieldialogo.jam_jdbc.MainApp.start(MainApp.java:38) ~[classes/:?]
	at com.sun.javafx.application.LauncherImpl.lambda$launchApplication1$162(LauncherImpl.java:863) ~[jfxrt.jar:?]
	at com.sun.javafx.application.PlatformImpl.lambda$runAndWait$175(PlatformImpl.java:326) ~[jfxrt.jar:?]
	at com.sun.javafx.application.PlatformImpl.lambda$null$173(PlatformImpl.java:295) ~[jfxrt.jar:?]
	at java.security.AccessController.doPrivileged(Native Method) ~[?:1.8.0_144]
	at com.sun.javafx.application.PlatformImpl.lambda$runLater$174(PlatformImpl.java:294) ~[jfxrt.jar:?]
	at com.sun.glass.ui.InvokeLaterDispatcher$Future.run(InvokeLaterDispatcher.java:95) ~[jfxrt.jar:?]
	at com.sun.glass.ui.win.WinApplication._runLoop(Native Method) ~[jfxrt.jar:?]
	at com.sun.glass.ui.win.WinApplication.lambda$null$148(WinApplication.java:191) ~[jfxrt.jar:?]
	at java.lang.Thread.run(Thread.java:748) [?:1.8.0_144]
Caused by: java.lang.reflect.InvocationTargetException
	at sun.reflect.NativeMethodAccessorImpl.invoke0(Native Method) ~[?:1.8.0_144]
	at sun.reflect.NativeMethodAccessorImpl.invoke(NativeMethodAccessorImpl.java:62) ~[?:1.8.0_144]
	at sun.reflect.DelegatingMethodAccessorImpl.invoke(DelegatingMethodAccessorImpl.java:43) ~[?:1.8.0_144]
	at java.lang.reflect.Method.invoke(Method.java:498) ~[?:1.8.0_144]
	at sun.reflect.misc.Trampoline.invoke(MethodUtil.java:71) ~[?:1.8.0_144]
	at sun.reflect.GeneratedMethodAccessor1.invoke(Unknown Source) ~[?:?]
	at sun.reflect.DelegatingMethodAccessorImpl.invoke(DelegatingMethodAccessorImpl.java:43) ~[?:1.8.0_144]
	at java.lang.reflect.Method.invoke(Method.java:498) ~[?:1.8.0_144]
	at sun.reflect.misc.MethodUtil.invoke(MethodUtil.java:275) ~[?:1.8.0_144]
	at javafx.fxml.FXMLLoader.loadImpl(FXMLLoader.java:2566) ~[jfxrt.jar:?]
	... 13 more
Caused by: java.lang.NumberFormatException: For input string: ""
	at java.lang.NumberFormatException.forInputString(NumberFormatException.java:65) ~[?:1.8.0_144]
	at java.lang.Integer.parseInt(Integer.java:592) ~[?:1.8.0_144]
	at java.lang.Integer.parseInt(Integer.java:615) ~[?:1.8.0_144]
	at com.marcdanieldialogo.controller.MonthViewController.display(MonthViewController.java:154) ~[classes/:?]
	at com.marcdanieldialogo.controller.MonthViewController.initialize(MonthViewController.java:79) ~[classes/:?]
	at sun.reflect.NativeMethodAccessorImpl.invoke0(Native Method) ~[?:1.8.0_144]
	at sun.reflect.NativeMethodAccessorImpl.invoke(NativeMethodAccessorImpl.java:62) ~[?:1.8.0_144]
	at sun.reflect.DelegatingMethodAccessorImpl.invoke(DelegatingMethodAccessorImpl.java:43) ~[?:1.8.0_144]
	at java.lang.reflect.Method.invoke(Method.java:498) ~[?:1.8.0_144]
	at sun.reflect.misc.Trampoline.invoke(MethodUtil.java:71) ~[?:1.8.0_144]
	at sun.reflect.GeneratedMethodAccessor1.invoke(Unknown Source) ~[?:?]
	at sun.reflect.DelegatingMethodAccessorImpl.invoke(DelegatingMethodAccessorImpl.java:43) ~[?:1.8.0_144]
	at java.lang.reflect.Method.invoke(Method.java:498) ~[?:1.8.0_144]
	at sun.reflect.misc.MethodUtil.invoke(MethodUtil.java:275) ~[?:1.8.0_144]
	at javafx.fxml.FXMLLoader.loadImpl(FXMLLoader.java:2566) ~[jfxrt.jar:?]
	... 13 more
[INFO ] 2017-10-15 18:44:17.481 [main] TestGroupRecords - Seeding Database
[INFO ] 2017-10-15 18:44:17.844 [main] TestGroupRecords - Seeding Database
[INFO ] 2017-10-15 18:44:17.975 [main] TestGroupRecords - Seeding Database
[INFO ] 2017-10-15 18:44:18.094 [main] TestGroupRecords - Seeding Database
[INFO ] 2017-10-15 18:44:18.206 [main] TestGroupRecords - Seeding Database
[INFO ] 2017-10-15 18:44:18.327 [main] TestGroupRecords - Seeding Database
[INFO ] 2017-10-15 18:44:18.523 [main] TestGroupRecords - Seeding Database
[INFO ] 2017-10-15 18:44:18.756 [main] TestGroupRecords - Seeding Database
[INFO ] 2017-10-15 18:44:18.865 [main] TestGroupRecords - Seeding Database
[INFO ] 2017-10-15 18:44:18.975 [main] TestGroupRecords - Seeding Database
[INFO ] 2017-10-15 18:44:19.126 [main] TestGroupRecords - Seeding Database
[INFO ] 2017-10-15 18:44:19.243 [main] TestGroupRecords - Seeding Database
[DEBUG] 2017-10-15 18:44:19.349 [Time-limited test] AppointmentDAOImpl - New record ID is 51
[INFO ] 2017-10-15 18:44:19.354 [main] TestGroupRecords - Seeding Database
[INFO ] 2017-10-15 18:44:19.463 [main] TestGroupRecords - Seeding Database
[INFO ] 2017-10-15 18:44:19.620 [main] TestGroupRecords - @AfterClass seeding
[INFO ] 2017-10-15 18:44:19.620 [main] TestGroupRecords - Seeding Database
[INFO ] 2017-10-15 18:44:19.768 [main] TestGroupRecords - Seeding Database
[INFO ] 2017-10-15 18:44:19.892 [main] TestGroupRecords - Seeding Database
[INFO ] 2017-10-15 18:44:19.998 [main] TestGroupRecords - Seeding Database
[INFO ] 2017-10-15 18:44:20.104 [main] TestGroupRecords - Seeding Database
[INFO ] 2017-10-15 18:44:20.227 [main] TestGroupRecords - Seeding Database
[INFO ] 2017-10-15 18:44:20.328 [main] TestGroupRecords - Seeding Database
[DEBUG] 2017-10-15 18:44:20.434 [Time-limited test] GroupRecordDAOImpl - New record ID is 6
[INFO ] 2017-10-15 18:44:20.440 [main] TestGroupRecords - Seeding Database
[INFO ] 2017-10-15 18:44:20.549 [main] TestGroupRecords - Seeding Database
[INFO ] 2017-10-15 18:44:20.729 [main] TestGroupRecords - @AfterClass seeding
[INFO ] 2017-10-15 18:44:20.729 [main] TestGroupRecords - Seeding Database
[INFO ] 2017-10-15 18:44:20.836 [main] TestGroupRecords - Seeding Database
[DEBUG] 2017-10-15 18:44:21.012 [main] AppointmentDAOImpl - New record ID is 51
[DEBUG] 2017-10-15 18:44:21.018 [main] AppointmentDAOImpl - New record ID is 52
[DEBUG] 2017-10-15 18:44:21.023 [main] AppointmentDAOImpl - New record ID is 53
[INFO ] 2017-10-15 18:44:38.386 [main] TestGroupRecords - @AfterClass seeding
[INFO ] 2017-10-15 18:44:38.386 [main] TestGroupRecords - Seeding Database
[INFO ] 2017-10-15 18:44:38.491 [main] TestGroupRecords - Seeding Database
[INFO ] 2017-10-15 18:44:38.599 [main] TestGroupRecords - Seeding Database
[INFO ] 2017-10-15 18:44:38.701 [main] TestGroupRecords - Seeding Database
[INFO ] 2017-10-15 18:44:38.818 [main] TestGroupRecords - Seeding Database
[INFO ] 2017-10-15 18:44:38.917 [main] TestGroupRecords - Seeding Database
[DEBUG] 2017-10-15 18:44:39.021 [Time-limited test] SMTPSettingsDAOImpl - New record ID is 3
[INFO ] 2017-10-15 18:44:39.026 [main] TestGroupRecords - Seeding Database
[INFO ] 2017-10-15 18:44:39.160 [main] TestGroupRecords - Seeding Database
[INFO ] 2017-10-15 18:44:39.257 [main] TestGroupRecords - Seeding Database
[INFO ] 2017-10-15 18:44:39.360 [main] TestGroupRecords - @AfterClass seeding
[INFO ] 2017-10-15 18:44:39.360 [main] TestGroupRecords - Seeding Database
[INFO ] 2017-10-15 18:47:41.255 [main] TestGroupRecords - Seeding Database
[INFO ] 2017-10-15 18:47:41.592 [main] TestGroupRecords - Seeding Database
[INFO ] 2017-10-15 18:47:41.722 [main] TestGroupRecords - Seeding Database
[INFO ] 2017-10-15 18:47:41.850 [main] TestGroupRecords - Seeding Database
[INFO ] 2017-10-15 18:47:41.966 [main] TestGroupRecords - Seeding Database
[INFO ] 2017-10-15 18:47:42.129 [main] TestGroupRecords - Seeding Database
[INFO ] 2017-10-15 18:47:42.275 [main] TestGroupRecords - Seeding Database
[INFO ] 2017-10-15 18:47:42.401 [main] TestGroupRecords - Seeding Database
[INFO ] 2017-10-15 18:47:42.510 [main] TestGroupRecords - Seeding Database
[INFO ] 2017-10-15 18:47:42.643 [main] TestGroupRecords - Seeding Database
[INFO ] 2017-10-15 18:47:42.804 [main] TestGroupRecords - Seeding Database
[INFO ] 2017-10-15 18:47:42.926 [main] TestGroupRecords - Seeding Database
[DEBUG] 2017-10-15 18:47:43.044 [Time-limited test] AppointmentDAOImpl - New record ID is 51
[INFO ] 2017-10-15 18:47:43.050 [main] TestGroupRecords - Seeding Database
[INFO ] 2017-10-15 18:47:43.155 [main] TestGroupRecords - Seeding Database
[INFO ] 2017-10-15 18:47:43.305 [main] TestGroupRecords - @AfterClass seeding
[INFO ] 2017-10-15 18:47:43.305 [main] TestGroupRecords - Seeding Database
[INFO ] 2017-10-15 18:47:43.406 [main] TestGroupRecords - Seeding Database
[INFO ] 2017-10-15 18:47:43.526 [main] TestGroupRecords - Seeding Database
[INFO ] 2017-10-15 18:47:43.632 [main] TestGroupRecords - Seeding Database
[INFO ] 2017-10-15 18:47:43.809 [main] TestGroupRecords - Seeding Database
[INFO ] 2017-10-15 18:47:43.932 [main] TestGroupRecords - Seeding Database
[INFO ] 2017-10-15 18:47:44.037 [main] TestGroupRecords - Seeding Database
[DEBUG] 2017-10-15 18:47:44.146 [Time-limited test] GroupRecordDAOImpl - New record ID is 6
[INFO ] 2017-10-15 18:47:44.151 [main] TestGroupRecords - Seeding Database
[INFO ] 2017-10-15 18:47:44.272 [main] TestGroupRecords - Seeding Database
[INFO ] 2017-10-15 18:47:44.382 [main] TestGroupRecords - @AfterClass seeding
[INFO ] 2017-10-15 18:47:44.383 [main] TestGroupRecords - Seeding Database
[INFO ] 2017-10-15 18:47:44.483 [main] TestGroupRecords - Seeding Database
[DEBUG] 2017-10-15 18:47:44.603 [main] AppointmentDAOImpl - New record ID is 51
[DEBUG] 2017-10-15 18:47:44.608 [main] AppointmentDAOImpl - New record ID is 52
[DEBUG] 2017-10-15 18:47:44.614 [main] AppointmentDAOImpl - New record ID is 53
[INFO ] 2017-10-15 18:48:01.341 [main] TestGroupRecords - @AfterClass seeding
[INFO ] 2017-10-15 18:48:01.341 [main] TestGroupRecords - Seeding Database
[INFO ] 2017-10-15 18:48:01.450 [main] TestGroupRecords - Seeding Database
[INFO ] 2017-10-15 18:48:01.557 [main] TestGroupRecords - Seeding Database
[INFO ] 2017-10-15 18:48:01.655 [main] TestGroupRecords - Seeding Database
[INFO ] 2017-10-15 18:48:01.771 [main] TestGroupRecords - Seeding Database
[INFO ] 2017-10-15 18:48:01.883 [main] TestGroupRecords - Seeding Database
[DEBUG] 2017-10-15 18:48:01.986 [Time-limited test] SMTPSettingsDAOImpl - New record ID is 3
[INFO ] 2017-10-15 18:48:01.990 [main] TestGroupRecords - Seeding Database
[INFO ] 2017-10-15 18:48:02.098 [main] TestGroupRecords - Seeding Database
[INFO ] 2017-10-15 18:48:02.199 [main] TestGroupRecords - Seeding Database
[INFO ] 2017-10-15 18:48:02.337 [main] TestGroupRecords - @AfterClass seeding
[INFO ] 2017-10-15 18:48:02.337 [main] TestGroupRecords - Seeding Database
[INFO ] 2017-10-15 18:52:15.160 [main] TestGroupRecords - Seeding Database
[INFO ] 2017-10-15 18:52:15.495 [main] TestGroupRecords - Seeding Database
[INFO ] 2017-10-15 18:52:15.635 [main] TestGroupRecords - Seeding Database
[INFO ] 2017-10-15 18:52:15.755 [main] TestGroupRecords - Seeding Database
[INFO ] 2017-10-15 18:52:15.861 [main] TestGroupRecords - Seeding Database
[INFO ] 2017-10-15 18:52:16.010 [main] TestGroupRecords - Seeding Database
[INFO ] 2017-10-15 18:52:16.164 [main] TestGroupRecords - Seeding Database
[INFO ] 2017-10-15 18:52:16.296 [main] TestGroupRecords - Seeding Database
[INFO ] 2017-10-15 18:52:16.406 [main] TestGroupRecords - Seeding Database
[INFO ] 2017-10-15 18:52:16.520 [main] TestGroupRecords - Seeding Database
[INFO ] 2017-10-15 18:52:16.682 [main] TestGroupRecords - Seeding Database
[INFO ] 2017-10-15 18:52:16.795 [main] TestGroupRecords - Seeding Database
[DEBUG] 2017-10-15 18:52:16.929 [Time-limited test] AppointmentDAOImpl - New record ID is 51
[INFO ] 2017-10-15 18:52:16.934 [main] TestGroupRecords - Seeding Database
[INFO ] 2017-10-15 18:52:17.041 [main] TestGroupRecords - Seeding Database
[INFO ] 2017-10-15 18:52:17.220 [main] TestGroupRecords - @AfterClass seeding
[INFO ] 2017-10-15 18:52:17.220 [main] TestGroupRecords - Seeding Database
[ERROR] 2017-10-15 19:41:56.105 [JavaFX Application Thread] MainApp - Error
javafx.fxml.LoadException: Error resolving onAction='#handlePrevious', either the event handler is not in the Namespace or there is an error in the script.
/C:/Users/Marc-Daniel/Desktop/javaProject/JAM_1539756_1/target/classes/fxml/MonthView.fxml:15

	at javafx.fxml.FXMLLoader.constructLoadException(FXMLLoader.java:2597) ~[jfxrt.jar:?]
	at javafx.fxml.FXMLLoader.access$100(FXMLLoader.java:103) ~[jfxrt.jar:?]
	at javafx.fxml.FXMLLoader$Element.processEventHandlerAttributes(FXMLLoader.java:610) ~[jfxrt.jar:?]
	at javafx.fxml.FXMLLoader$ValueElement.processEndElement(FXMLLoader.java:770) ~[jfxrt.jar:?]
	at javafx.fxml.FXMLLoader.processEndElement(FXMLLoader.java:2823) ~[jfxrt.jar:?]
	at javafx.fxml.FXMLLoader.loadImpl(FXMLLoader.java:2532) ~[jfxrt.jar:?]
	at javafx.fxml.FXMLLoader.loadImpl(FXMLLoader.java:2441) ~[jfxrt.jar:?]
	at javafx.fxml.FXMLLoader.load(FXMLLoader.java:2409) ~[jfxrt.jar:?]
	at com.marcdanieldialogo.jam_jdbc.MainApp.initRootLayout(MainApp.java:53) ~[classes/:?]
	at com.marcdanieldialogo.jam_jdbc.MainApp.start(MainApp.java:38) ~[classes/:?]
	at com.sun.javafx.application.LauncherImpl.lambda$launchApplication1$162(LauncherImpl.java:863) ~[jfxrt.jar:?]
	at com.sun.javafx.application.PlatformImpl.lambda$runAndWait$175(PlatformImpl.java:326) ~[jfxrt.jar:?]
	at com.sun.javafx.application.PlatformImpl.lambda$null$173(PlatformImpl.java:295) ~[jfxrt.jar:?]
	at java.security.AccessController.doPrivileged(Native Method) ~[?:1.8.0_144]
	at com.sun.javafx.application.PlatformImpl.lambda$runLater$174(PlatformImpl.java:294) ~[jfxrt.jar:?]
	at com.sun.glass.ui.InvokeLaterDispatcher$Future.run(InvokeLaterDispatcher.java:95) ~[jfxrt.jar:?]
	at com.sun.glass.ui.win.WinApplication._runLoop(Native Method) ~[jfxrt.jar:?]
	at com.sun.glass.ui.win.WinApplication.lambda$null$148(WinApplication.java:191) ~[jfxrt.jar:?]
	at java.lang.Thread.run(Thread.java:748) [?:1.8.0_144]
[ERROR] 2017-10-15 19:42:23.030 [JavaFX Application Thread] MainApp - Error
javafx.fxml.LoadException: Error resolving onAction='#handlePrevious', either the event handler is not in the Namespace or there is an error in the script.
/C:/Users/Marc-Daniel/Desktop/javaProject/JAM_1539756_1/target/classes/fxml/MonthView.fxml:15

	at javafx.fxml.FXMLLoader.constructLoadException(FXMLLoader.java:2597) ~[jfxrt.jar:?]
	at javafx.fxml.FXMLLoader.access$100(FXMLLoader.java:103) ~[jfxrt.jar:?]
	at javafx.fxml.FXMLLoader$Element.processEventHandlerAttributes(FXMLLoader.java:610) ~[jfxrt.jar:?]
	at javafx.fxml.FXMLLoader$ValueElement.processEndElement(FXMLLoader.java:770) ~[jfxrt.jar:?]
	at javafx.fxml.FXMLLoader.processEndElement(FXMLLoader.java:2823) ~[jfxrt.jar:?]
	at javafx.fxml.FXMLLoader.loadImpl(FXMLLoader.java:2532) ~[jfxrt.jar:?]
	at javafx.fxml.FXMLLoader.loadImpl(FXMLLoader.java:2441) ~[jfxrt.jar:?]
	at javafx.fxml.FXMLLoader.load(FXMLLoader.java:2409) ~[jfxrt.jar:?]
	at com.marcdanieldialogo.jam_jdbc.MainApp.initRootLayout(MainApp.java:53) ~[classes/:?]
	at com.marcdanieldialogo.jam_jdbc.MainApp.start(MainApp.java:38) ~[classes/:?]
	at com.sun.javafx.application.LauncherImpl.lambda$launchApplication1$162(LauncherImpl.java:863) ~[jfxrt.jar:?]
	at com.sun.javafx.application.PlatformImpl.lambda$runAndWait$175(PlatformImpl.java:326) ~[jfxrt.jar:?]
	at com.sun.javafx.application.PlatformImpl.lambda$null$173(PlatformImpl.java:295) ~[jfxrt.jar:?]
	at java.security.AccessController.doPrivileged(Native Method) ~[?:1.8.0_144]
	at com.sun.javafx.application.PlatformImpl.lambda$runLater$174(PlatformImpl.java:294) ~[jfxrt.jar:?]
	at com.sun.glass.ui.InvokeLaterDispatcher$Future.run(InvokeLaterDispatcher.java:95) ~[jfxrt.jar:?]
	at com.sun.glass.ui.win.WinApplication._runLoop(Native Method) ~[jfxrt.jar:?]
	at com.sun.glass.ui.win.WinApplication.lambda$null$148(WinApplication.java:191) ~[jfxrt.jar:?]
	at java.lang.Thread.run(Thread.java:748) [?:1.8.0_144]
[DEBUG] 2017-10-15 21:58:23.727 [JavaFX Application Thread] AppointmentDAOImpl - New record ID is 51
[DEBUG] 2017-10-15 21:58:50.348 [JavaFX Application Thread] AppointmentDAOImpl - New record ID is 52
[DEBUG] 2017-10-15 21:58:53.486 [JavaFX Application Thread] AppointmentDAOImpl - New record ID is 53
[DEBUG] 2017-10-15 21:58:56.993 [JavaFX Application Thread] AppointmentDAOImpl - New record ID is 54
[INFO ] 2017-10-15 22:37:14.471 [main] TestGroupRecords - Seeding Database
[INFO ] 2017-10-15 22:37:14.820 [main] TestGroupRecords - Seeding Database
[INFO ] 2017-10-15 22:37:14.955 [main] TestGroupRecords - Seeding Database
[INFO ] 2017-10-15 22:37:15.074 [main] TestGroupRecords - Seeding Database
[INFO ] 2017-10-15 22:37:15.194 [main] TestGroupRecords - Seeding Database
[INFO ] 2017-10-15 22:37:15.315 [main] TestGroupRecords - Seeding Database
[INFO ] 2017-10-15 22:37:15.479 [main] TestGroupRecords - Seeding Database
[INFO ] 2017-10-15 22:37:15.597 [main] TestGroupRecords - Seeding Database
[INFO ] 2017-10-15 22:37:15.714 [main] TestGroupRecords - Seeding Database
[INFO ] 2017-10-15 22:37:15.870 [main] TestGroupRecords - Seeding Database
[INFO ] 2017-10-15 22:37:16.005 [main] TestGroupRecords - Seeding Database
[INFO ] 2017-10-15 22:37:16.112 [main] TestGroupRecords - Seeding Database
[DEBUG] 2017-10-15 22:37:16.217 [Time-limited test] AppointmentDAOImpl - New record ID is 51
[INFO ] 2017-10-15 22:37:16.222 [main] TestGroupRecords - Seeding Database
[INFO ] 2017-10-15 22:37:16.328 [main] TestGroupRecords - Seeding Database
[INFO ] 2017-10-15 22:37:16.481 [main] TestGroupRecords - @AfterClass seeding
[INFO ] 2017-10-15 22:37:16.481 [main] TestGroupRecords - Seeding Database
[INFO ] 2017-10-15 22:37:22.371 [main] TestGroupRecords - Seeding Database
[INFO ] 2017-10-15 22:37:22.726 [main] TestGroupRecords - Seeding Database
[INFO ] 2017-10-15 22:37:22.851 [main] TestGroupRecords - Seeding Database
[INFO ] 2017-10-15 22:37:22.963 [main] TestGroupRecords - Seeding Database
[INFO ] 2017-10-15 22:37:23.086 [main] TestGroupRecords - Seeding Database
[INFO ] 2017-10-15 22:37:23.194 [main] TestGroupRecords - Seeding Database
[DEBUG] 2017-10-15 22:37:23.316 [Time-limited test] GroupRecordDAOImpl - New record ID is 6
[INFO ] 2017-10-15 22:37:23.322 [main] TestGroupRecords - Seeding Database
[INFO ] 2017-10-15 22:37:23.429 [main] TestGroupRecords - Seeding Database
[INFO ] 2017-10-15 22:37:23.546 [main] TestGroupRecords - @AfterClass seeding
[INFO ] 2017-10-15 22:37:23.546 [main] TestGroupRecords - Seeding Database
[INFO ] 2017-10-15 22:37:29.692 [main] TestGroupRecords - Seeding Database
[INFO ] 2017-10-15 22:37:30.028 [main] TestGroupRecords - Seeding Database
[INFO ] 2017-10-15 22:37:30.139 [main] TestGroupRecords - Seeding Database
[INFO ] 2017-10-15 22:37:30.287 [main] TestGroupRecords - Seeding Database
[INFO ] 2017-10-15 22:37:30.392 [main] TestGroupRecords - Seeding Database
[DEBUG] 2017-10-15 22:37:30.505 [Time-limited test] SMTPSettingsDAOImpl - New record ID is 3
[INFO ] 2017-10-15 22:37:30.511 [main] TestGroupRecords - Seeding Database
[INFO ] 2017-10-15 22:37:30.626 [main] TestGroupRecords - Seeding Database
[INFO ] 2017-10-15 22:37:30.732 [main] TestGroupRecords - Seeding Database
[INFO ] 2017-10-15 22:37:30.901 [main] TestGroupRecords - @AfterClass seeding
[INFO ] 2017-10-15 22:37:30.901 [main] TestGroupRecords - Seeding Database
